IQ-TREE version 3.0.1 for Linux x86 64-bit built Jul  9 2025
Developed by Bui Quang Minh, Thomas Wong, Nhan Ly-Trong, Huaiyan Ren
Contributed by Lam-Tung Nguyen, Dominik Schrempf, Chris Bielow,
Olga Chernomor, Michael Woodhams, Diep Thi Hoang, Heiko Schmidt

Host:    fedora (AVX2, FMA3, 7 GB RAM)
Command: iqtree -s data/intermediate/denv1_NS1_aligned.fasta -m MFP -bb 1000 -nt AUTO
Seed:    642670 (Using SPRNG - Scalable Parallel Random Number Generator)
Time:    Mon Mar 16 13:14:53 2026
Kernel:  AVX+FMA - auto-detect threads (4 CPU cores detected)

Reading alignment file data/intermediate/denv1_NS1_aligned.fasta ... Fasta format detected
Reading fasta file: done in 0.0230533 secs using 89.47% CPU
Alignment most likely contains DNA/RNA sequences
Constructing alignment: done in 0.0150106 secs using 122.6% CPU
Alignment has 1028 sequences with 1059 columns, 541 distinct patterns
482 parsimony-informative, 53 singleton sites, 524 constant sites
            Gap/Ambiguity  Composition  p-value
Analyzing sequences: done in 0.0034634 secs using 282.5% CPU
   1  PX480300.1    0.28%    passed     91.84%
   2  PX480299.1    0.28%    passed     86.49%
   3  PX480298.1    0.28%    passed     87.40%
   4  PX480297.1    0.28%    passed     64.36%
   5  PX480296.1    0.28%    passed     76.61%
   6  PX480295.1    0.28%    passed     74.86%
   7  PX480294.1    0.28%    passed     77.08%
   8  PX480293.1    0.28%    passed     80.02%
   9  PX480292.1    0.28%    passed     88.00%
  10  PX480291.1    0.28%    passed     80.02%
  11  PX480289.1    0.28%    passed     68.66%
  12  PX480288.1    0.28%    passed     72.08%
  13  PX480287.1    0.28%    passed     88.26%
  14  PX480286.1    0.28%    passed     84.60%
  15  PX480285.1    0.28%    passed     85.86%
  16  PX480284.1    0.28%    passed     85.86%
  17  PX480283.1    0.28%    passed     81.71%
  18  PX480282.1    0.28%    passed     86.69%
  19  PX480281.1    0.28%    passed     75.22%
  20  PX480280.1    0.28%    passed     81.87%
  21  PX480279.1    0.28%    passed     75.20%
  22  PX480278.1    0.28%    passed     77.08%
  23  PX480277.1    0.28%    passed     81.71%
  24  PX480276.1    0.28%    passed     73.38%
  25  PX480274.1    0.28%    passed     75.20%
  26  PX480273.1    0.28%    passed     72.23%
  27  PX480272.1    0.28%    passed     87.24%
  28  PX480271.1    0.28%    passed     81.71%
  29  PX480269.1    0.28%    passed     70.03%
  30  PX480268.1    0.28%    passed     77.08%
  31  PX480267.1    0.28%    passed     76.61%
  32  PX480265.1    0.28%    passed     77.08%
  33  PX480264.1    0.28%    passed     75.75%
  34  PX480263.1    0.28%    passed     73.74%
  35  PX480262.1    0.28%    passed     74.21%
  36  PX480261.1    0.28%    passed     77.08%
  37  PX480260.1    0.28%    passed     68.27%
  38  PX480259.1    0.28%    passed     87.30%
  39  PX480258.1    0.28%    passed     81.87%
  40  PX480257.1    0.28%    passed     74.08%
  41  PX480256.1    0.28%    passed     95.35%
  42  PX480255.1    0.28%    passed     73.38%
  43  PX480254.1    0.28%    passed     77.26%
  44  PX480253.1    0.28%    passed     82.37%
  45  PX480252.1    0.28%    passed     75.20%
  46  PX480251.1    0.28%    passed     74.92%
  47  PX480249.1    0.28%    passed     84.42%
  48  PX480248.1    0.28%    passed     63.79%
  49  PX480247.1    0.28%    passed     77.08%
  50  PX480246.1    0.28%    passed     86.02%
  51  PX480245.1    0.28%    passed     73.20%
  52  PX683082.1    0.47%    passed     95.21%
  53  PX683081.1   66.76%    passed     98.20%
  54  PX683077.1   16.81%    passed     93.63%
  55  PX683075.1    0.28%    passed     95.17%
  56  PX492104.1    0.28%    passed     82.05%
  57  PX461619.1    0.28%    passed     99.13%
  58  PX461615.1    0.28%    passed     98.48%
  59  PX297368.1    0.28%    passed     86.48%
  60  PX297367.1    0.28%    passed     94.04%
  61  PX297365.1    0.28%    passed     70.61%
  62  PX297362.1    0.28%    passed     70.20%
  63  PX297359.1    0.38%    passed     96.47%
  64  PX282469.1    0.28%    passed     83.04%
  65  PX282467.1    0.28%    passed     99.93%
  66  PX282464.1    0.28%    passed     94.14%
  67  PX282457.1    0.28%    passed     74.70%
  68  PV798798.1    0.28%    passed     91.68%
  69  PV789653.1    0.28%    passed     97.53%
  70  PV344274.1    0.28%    passed     98.00%
  71  PV344273.1    0.28%    passed     97.53%
  72  PV344271.1    0.28%    passed     98.00%
  73  PV344266.1    0.28%    passed     98.04%
  74  PV344263.1    0.28%    passed     98.49%
  75  PV344260.1    0.28%    passed     97.48%
  76  PV344259.1    0.28%    passed     97.02%
  77  PV344258.1    0.28%    passed     98.04%
  78  PV083773.1    0.28%    passed     53.89%
  79  OR229957.1    0.28%    passed     98.85%
  80  OR229956.1    0.28%    passed     85.83%
  81  OR229955.1    0.28%    passed     89.40%
  82  OR229954.1    0.28%    passed     81.72%
  83  OR690442.1    0.28%    passed     97.67%
  84  PQ357572.1    0.28%    passed     97.19%
  85  PQ357570.1    0.28%    passed     92.17%
  86  PQ357542.1    0.28%    passed     99.42%
  87  PQ357540.1    0.28%    passed     97.19%
  88  PQ357538.1    0.28%    passed     98.37%
  89  PQ357537.1    0.28%    passed     91.40%
  90  PQ357536.1    0.28%    passed     98.61%
  91  PP564823.1    0.28%    passed     59.09%
  92  PP563875.1    0.28%    passed     96.72%
  93  PP563826.1    0.28%    passed     96.22%
  94  OR523627.1    0.28%    passed     91.55%
  95  PP540290.1    0.28%    passed     93.29%
  96  PP213459.1    0.28%    passed     97.75%
  97  OR821723.1    0.28%    passed     77.95%
  98  OR821721.1    0.28%    passed     72.98%
  99  OR804008.1    0.28%    passed     80.56%
 100  OR518272.1    0.28%    passed     94.25%
 101  OR518271.1    0.28%    passed     92.40%
 102  OR518270.1    0.28%    passed     93.73%
 103  OR518269.1    0.28%    passed     92.40%
 104  OR518268.1    0.28%    passed     88.48%
 105  OR518267.1    0.28%    passed     92.55%
 106  OR518266.1    0.28%    passed     87.65%
 107  OR518265.1    0.28%    passed     94.12%
 108  OR518264.1    0.28%    passed     90.35%
 109  OR518263.1    0.28%    passed     95.53%
 110  OR518262.1    0.28%    passed     89.38%
 111  OR518261.1    0.28%    passed     89.38%
 112  OR518260.1    0.28%    passed     87.98%
 113  OR518259.1    0.28%    passed     90.35%
 114  OR518257.1    0.28%    passed     88.30%
 115  OR518256.1    0.28%    passed     90.61%
 116  OR518255.1   11.05%    passed     85.98%
 117  OR518254.1    0.28%    passed     92.40%
 118  OR518253.1    0.28%    passed     94.25%
 119  OR518252.1    0.28%    passed     96.70%
 120  OR518251.1    0.28%    passed     90.61%
 121  OR518250.1    0.28%    passed     92.55%
 122  OR518249.1    0.28%    passed     95.72%
 123  OR518248.1    0.28%    passed     93.73%
 124  OR518245.1    0.28%    passed     96.87%
 125  OR518244.1    0.28%    passed     94.25%
 126  OR518243.1    0.28%    passed     88.34%
 127  OR518242.1    0.28%    passed     99.21%
 128  OR518241.1    0.28%    passed     92.55%
 129  OR518240.1    0.28%    passed     97.90%
 130  OR518239.1    0.28%    passed     94.25%
 131  OR518237.1    0.28%    passed     99.39%
 132  OR518236.1    0.28%    passed     93.74%
 133  OR518235.1    0.28%    passed     94.25%
 134  OR518234.1    0.28%    passed     96.33%
 135  OR518232.1    0.28%    passed     94.25%
 136  OR518230.1    0.28%    passed     92.51%
 137  OR518229.1    0.28%    passed     90.35%
 138  OR518228.1    0.28%    passed     98.57%
 139  OR518227.1    0.28%    passed     92.40%
 140  OR518226.1    0.28%    passed     92.55%
 141  OR518225.1    0.28%    passed     99.64%
 142  OR518224.1    0.28%    passed     92.01%
 143  OR518223.1    0.28%    passed     99.91%
 144  OR518222.1    0.28%    passed     94.25%
 145  OR518221.1    0.28%    passed     99.09%
 146  OR518220.1    0.28%    passed     94.25%
 147  OR518218.1    0.28%    passed     99.26%
 148  OR518217.1    0.28%    passed     99.74%
 149  OR518216.1    0.28%    passed     95.72%
 150  OR418422.1    0.28%    passed     95.02%
 151  OM250394.1    0.28%    passed     89.55%
 152  MG721063.2    0.28%    passed     73.97%
 153  MH822959.2    0.28%    passed     77.86%
 154  OM281599.1    0.28%    passed     77.98%
 155  OM281598.1    0.28%    passed     98.50%
 156  OM281597.1    0.28%    passed     84.42%
 157  OM281596.1    0.28%    passed     84.54%
 158  OM281595.1    0.28%    passed     99.54%
 159  OM281593.1    0.28%    passed     95.21%
 160  OM281591.1    0.28%    passed     99.54%
 161  OM281590.1    0.28%    passed     87.57%
 162  OM281588.1    0.28%    passed     93.81%
 163  OM281587.1    0.28%    passed     96.72%
 164  OM281586.1    0.28%    passed     99.54%
 165  OM281584.1    0.28%    passed     99.13%
 166  OM281583.1    0.28%    passed     99.11%
 167  OM281581.1    0.28%    passed     99.78%
 168  OM281580.1    0.28%    passed     99.13%
 169  OM281579.1    0.28%    passed     99.55%
 170  OM281578.1    0.28%    passed     99.13%
 171  OM281576.1    0.28%    passed     97.83%
 172  OM281575.1    0.28%    passed     99.06%
 173  OM281573.1    0.28%    passed     90.86%
 174  OM281572.1    0.28%    passed     93.30%
 175  ON799266.1    0.38%    passed     86.26%
 176  ON123667.1    0.38%    passed     64.45%
 177  ON123664.1    0.47%    passed     56.13%
 178  ON123661.1    0.38%    passed     67.78%
 179  ON123657.1    0.47%    passed     78.00%
 180  ON123654.1    0.47%    passed     59.12%
 181  ON123650.1    0.38%    passed     64.45%
 182  ON123646.1    0.38%    passed     75.32%
 183  ON127553.1    0.28%    passed     65.40%
 184  ON127551.1    0.28%    passed     66.03%
 185  ON127538.1    0.28%    passed     69.85%
 186  ON127534.1    0.28%    passed     74.00%
 187  ON116130.1    0.28%    passed     55.03%
 188  ON115817.1    0.28%    passed     61.67%
 189  ON103303.1    0.28%    passed     55.03%
 190  ON911333.1    0.28%    passed     99.54%
 191  ON908243.1    0.28%    passed     98.50%
 192  ON908220.1    0.28%    passed     86.49%
 193  ON908218.1    0.28%    passed     99.78%
 194  ON908217.1    0.28%    passed     75.54%
 195  ON908216.1    0.28%    passed     86.49%
 196  ON908215.1    0.28%    passed     88.28%
 197  ON908214.1    0.28%    passed     89.63%
 198  ON908213.1    0.28%    passed     97.77%
 199  OM833059.1    0.28%    passed     91.42%
 200  OM833058.1    0.28%    passed     76.26%
 201  OM833057.1    0.28%    passed     88.56%
 202  OM833056.1    0.28%    passed     84.95%
 203  OM833055.1    0.76%    passed     81.85%
 204  OK469343.1    0.28%    passed     77.98%
 205  OK469342.1    0.38%    passed     62.85%
 206  OK469341.1    0.38%    passed     90.63%
 207  OL452067.1    0.28%    passed     92.55%
 208  OK605756.1    0.28%    passed     88.16%
 209  OK605755.1    0.28%    passed     99.86%
 210  OK605754.1    0.28%    passed     96.61%
 211  OK605753.1    0.28%    passed     75.93%
 212  OM033409.1    0.28%    passed     99.54%
 213  OL411497.1    0.28%    passed     99.13%
 214  OL411496.1    0.28%    passed     99.54%
 215  OL411495.1    0.28%    passed     98.49%
 216  MZ945530.1    0.28%    passed     99.61%
 217  MW315195.1    0.28%    passed     96.76%
 218  MW315191.1    0.28%    passed     95.99%
 219  MW315189.1    0.28%    passed     94.83%
 220  MW315188.1    0.28%    passed     97.66%
 221  MW315182.1    0.28%    passed     96.19%
 222  MW315181.1    0.28%    passed     97.08%
 223  MW315178.1    0.28%    passed     97.08%
 224  MW315172.1    0.28%    passed     98.15%
 225  MW191725.1    0.28%    passed     74.78%
 226  MW191724.1    0.28%    passed     59.26%
 227  MW191723.1    0.28%    passed     64.80%
 228  MW191722.1    0.28%    passed     67.68%
 229  MW191721.1    0.28%    passed     59.48%
 230  MW191720.1    0.28%    passed     64.80%
 231  MW362477.1    0.28%    passed     92.64%
 232  MW582816.1    0.28%    passed     99.54%
 233  MW582815.1    0.28%    passed     98.61%
 234  MW582814.1    0.28%    passed     87.30%
 235  MW582813.1    0.28%    passed     78.66%
 236  MT832052.1    0.28%    passed     89.48%
 237  MT832048.1    0.28%    passed     91.59%
 238  MT832046.1    0.28%    passed     81.87%
 239  MT832042.1    0.28%    passed     93.50%
 240  MT832040.1    0.28%    passed     91.37%
 241  MT832038.1    0.28%    passed     89.63%
 242  MT832036.1    0.38%    passed     89.90%
 243  MT832033.1    0.28%    passed     72.23%
 244  MT832032.1    0.38%    passed     92.36%
 245  MW386867.1    0.28%    passed     99.37%
 246  MW386865.1    0.28%    passed     99.65%
 247  MT929160.1    0.28%    passed     95.45%
 248  MN886874.1    0.28%    passed     48.35%
 249  MN886870.1    0.28%    passed     53.83%
 250  MT899083.1    0.28%    passed     99.80%
 251  MT076935.1    0.28%    passed     90.26%
 252  MN869914.1    0.28%    passed     97.16%
 253  MN869911.1    0.28%    passed     89.06%
 254  MN869910.1    0.28%    passed     96.26%
 255  MN869909.1    0.28%    passed     96.22%
 256  MN869907.1    0.28%    passed     93.30%
 257  MN869905.1    0.28%    passed     96.69%
 258  MT447147.1    0.28%    passed     97.77%
 259  MN018336.1    0.28%    passed     92.19%
 260  MN018335.1    0.28%    passed     95.86%
 261  MN018334.1    0.28%    passed     91.28%
 262  MN018333.1    0.28%    passed     91.28%
 263  MN018332.1    0.28%    passed     92.02%
 264  MN018331.1    0.28%    passed     88.51%
 265  MN018327.1    0.28%    passed     90.98%
 266  MN018326.1    0.28%    passed     90.25%
 267  MN018325.1    0.28%    passed     94.61%
 268  MN018324.1    0.28%    passed     85.38%
 269  MN018323.1    0.28%    passed     98.16%
 270  MN018322.1    0.28%    passed     93.01%
 271  MN018321.1    0.28%    passed     99.72%
 272  MN018320.1    0.28%    passed     96.79%
 273  MN018319.1    0.28%    passed     59.43%
 274  MN018318.1    0.28%    passed     83.40%
 275  MN018317.1    0.28%    passed     89.55%
 276  MN018316.1    0.28%    passed     90.86%
 277  MN018314.1    0.28%    passed     85.38%
 278  MN018313.1    0.28%    passed     99.52%
 279  MN018312.1    0.38%    passed     99.36%
 280  MN018310.1    0.28%    passed     94.61%
 281  MN018309.1    0.28%    passed     59.48%
 282  MN018308.1    0.28%    passed     56.58%
 283  MN018307.1    0.28%    passed     94.73%
 284  MN018306.1    0.28%    passed     90.15%
 285  MN018304.1    0.28%    passed     90.86%
 286  MN018303.1    0.28%    passed     99.58%
 287  MN018301.1    0.28%    passed     95.41%
 288  MN018298.1    0.28%    passed     93.16%
 289  MN018297.1    0.28%    passed     76.61%
 290  MN018296.1    0.28%    passed     99.58%
 291  MN018295.1    0.28%    passed     95.41%
 292  MN018292.1    0.28%    passed     96.93%
 293  MN018291.1    0.28%    passed     97.57%
 294  MN018290.1    0.28%    passed     91.25%
 295  MN018288.1    0.28%    passed     93.63%
 296  MN018287.1    0.28%    passed     59.48%
 297  MN018286.1    0.28%    passed     30.39%
 298  MN018285.1    0.28%    passed     90.86%
 299  MN577472.1    0.28%    passed     93.02%
 300  MH891771.1    0.28%    passed     66.58%
 301  MH891767.1    0.28%    passed     77.48%
 302  MN444624.1    0.28%    passed     98.74%
 303  MK905537.1    0.28%    passed     98.37%
 304  MH823207.1    0.28%    passed     90.32%
 305  KT279761.2    0.28%    passed     94.88%
 306  KX452068.1    0.28%    passed     89.06%
 307  KX452065.1    0.28%    passed     90.86%
 308  KX452064.1    0.28%    passed     92.19%
 309  KX452062.1    0.28%    passed     92.19%
 310  KX452061.1    0.28%    passed     89.06%
 311  KX452058.1    0.28%    passed     88.51%
 312  KX452056.1    0.28%    passed     92.19%
 313  KX452055.1    0.28%    passed     94.73%
 314  KX452053.1    0.28%    passed     89.55%
 315  KX452052.1    0.28%    passed     94.26%
 316  KX452050.1    0.28%    passed     91.68%
 317  KP188547.1    0.28%    passed     96.40%
 318  KP188545.1    0.28%    passed     96.39%
 319  KP188568.1    0.28%    passed     96.40%
 320  KP188567.1    0.28%    passed     96.39%
 321  KP188544.1    0.28%    passed     96.39%
 322  KP188543.1    0.28%    passed     98.82%
 323  KP188542.1    0.28%    passed     85.98%
 324  KP188539.1    0.28%    passed     99.17%
 325  KP398852.1    0.28%    passed     96.91%
 326  KF973475.1    0.28%    passed     98.79%
 327  KF973474.1    0.28%    passed     99.43%
 328  KF973473.1    0.28%    passed     99.59%
 329  KF973472.1    0.28%    passed     98.58%
 330  KF973471.1    0.28%    passed     95.12%
 331  KF973470.1    0.28%    passed     98.21%
 332  KF973469.1    0.28%    passed     97.93%
 333  KF973467.1    0.28%    passed     98.97%
 334  KF973463.1    0.28%    passed     99.59%
 335  KF973462.1    0.28%    passed     98.22%
 336  KF973460.1    0.28%    passed     99.83%
 337  KF973458.1    0.28%    passed     99.43%
 338  KF973457.1    0.28%    passed     96.99%
 339  KF973454.1    0.28%    passed     99.83%
 340  KF973453.1    0.28%    passed     98.31%
 341  KC692517.1    0.28%    passed     97.23%
 342  KC692516.1    0.28%    passed     88.59%
 343  KC692515.1    0.28%    passed     90.07%
 344  KC692514.1    0.28%    passed     82.37%
 345  KC692513.1    0.28%    passed     96.40%
 346  KC692511.1    0.28%    passed     97.75%
 347  KC692510.1    0.28%    passed     96.54%
 348  KC692509.1    0.28%    passed     93.06%
 349  KC692508.1    0.28%    passed     96.89%
 350  KC692507.1    0.28%    passed     95.45%
 351  KC692506.1    0.28%    passed     93.06%
 352  KC692505.1    0.28%    passed     89.58%
 353  KC692504.1    0.28%    passed     97.26%
 354  KC692503.1    0.28%    passed     90.26%
 355  KC692502.1    0.28%    passed     92.60%
 356  KC692501.1    0.28%    passed     95.45%
 357  KC692499.1    0.28%    passed     93.13%
 358  KC692495.1    0.28%    passed     93.06%
 359  KJ726664.1    0.28%    passed     98.15%
 360  KJ726663.1    0.28%    passed     96.91%
 361  KJ726662.1    0.28%    passed     97.80%
 362  KJ189369.1    0.28%    passed     97.32%
 363  KJ189368.1    0.28%    passed     95.12%
 364  KJ189367.1    0.28%    passed     91.42%
 365  KJ189366.1    0.28%    passed     87.40%
 366  KJ189364.1    0.28%    passed     83.51%
 367  KJ189363.1    0.28%    passed     92.28%
 368  KJ189360.1    0.28%    passed     94.88%
 369  KJ189359.1    0.28%    passed     81.54%
 370  KJ189358.1    0.28%    passed     84.43%
 371  KJ189357.1    0.28%    passed     96.58%
 372  KJ189356.1    0.28%    passed     92.64%
 373  KJ189354.1    0.28%    passed     83.51%
 374  KJ189353.1    0.28%    passed     84.08%
 375  KJ189352.1    0.28%    passed     94.17%
 376  KJ189351.1    0.28%    passed     86.95%
 377  KJ189350.1    0.28%    passed     83.51%
 378  KJ189349.1    0.28%    passed     85.98%
 379  KJ189347.1    0.28%    passed     90.15%
 380  KJ189346.1    0.28%    passed     86.49%
 381  KJ189345.1    0.28%    passed     97.37%
 382  KJ189344.1    0.28%    passed     84.42%
 383  KJ189343.1    0.28%    passed     93.91%
 384  KJ189342.1    0.28%    passed     93.50%
 385  KJ189341.1    0.28%    passed     94.04%
 386  KJ189340.1    0.28%    passed     84.42%
 387  KJ189339.1    0.28%    passed     92.67%
 388  KJ189338.1    0.28%    passed     94.81%
 389  KJ189337.1    0.28%    passed     97.91%
 390  KJ189336.1    0.28%    passed     88.28%
 391  KJ189335.1    0.28%    passed     74.92%
 392  KJ189330.1    0.28%    passed     85.86%
 393  KJ189329.1    0.28%    passed     95.12%
 394  KJ189328.1    0.28%    passed     96.40%
 395  KJ189327.1    0.28%    passed     95.12%
 396  KJ189326.1    0.28%    passed     94.29%
 397  KJ189324.1    0.28%    passed     88.26%
 398  KJ189323.1    0.28%    passed     94.29%
 399  KJ189322.1    0.28%    passed     84.12%
 400  KJ189321.1    0.28%    passed     94.99%
 401  KJ189320.1    0.28%    passed     94.59%
 402  KJ189319.1    0.28%    passed     94.59%
 403  KJ189317.1    0.28%    passed     91.31%
 404  KJ189316.1    0.28%    passed     93.13%
 405  KJ189315.1    0.28%    passed     88.00%
 406  KJ189314.1    0.28%    passed     90.15%
 407  KJ189313.1    0.28%    passed     92.53%
 408  KJ189312.1    0.28%    passed     91.57%
 409  KJ189307.1    0.28%    passed     98.58%
 410  KJ189306.1    0.28%    passed     92.75%
 411  KJ189304.1    0.28%    passed     86.15%
 412  KJ189303.1    0.28%    passed     93.13%
 413  KJ189302.1    0.28%    passed     94.14%
 414  KF955446.1    0.28%    passed     97.25%
 415  KF955444.1    0.28%    passed     94.83%
 416  KF955443.1    0.28%    passed     96.51%
 417  KF955442.1    0.28%    passed     97.04%
 418  KF955427.1    0.28%    passed     85.86%
 419  KF921949.1    0.28%    passed     97.25%
 420  KF921942.1    0.28%    passed     96.01%
 421  KF921935.1    0.28%    passed     98.42%
 422  KF921934.1    0.28%    passed     97.82%
 423  KF921933.1    0.28%    passed     94.83%
 424  KF921911.1    0.00%    passed     96.98%
 425  JQ675358.1    0.28%    passed     93.41%
 426  JX669475.1    0.28%    passed     98.21%
 427  JX669474.1    0.28%    passed     95.93%
 428  JX669473.1    0.28%    passed     99.22%
 429  JX669472.1    0.28%    passed     99.37%
 430  JX669471.1    0.28%    passed     99.74%
 431  JX669470.1    0.28%    passed     96.59%
 432  JX669469.1    0.28%    passed     97.59%
 433  JX669468.1    0.28%    passed     98.81%
 434  JX669467.1    0.28%    passed     98.83%
 435  JX669466.1    0.28%    passed     95.61%
 436  JX669465.1    0.28%    passed     98.21%
 437  JX669464.1    0.28%    passed     94.27%
 438  JX669462.1    0.28%    passed     92.60%
 439  JX669461.1    0.28%    passed     99.66%
 440  JN819425.1    0.28%    passed     88.16%
 441  JN819423.1    0.28%    passed     98.90%
 442  JN819417.1    0.28%    passed     86.34%
 443  JN819415.1    0.28%    passed     96.39%
 444  JN819414.1    0.28%    passed     99.33%
 445  JN819413.1    0.28%    passed     98.54%
 446  JN819411.1    0.28%    passed     98.50%
 447  JN819405.1    0.28%    passed     99.76%
 448  JN819402.1    0.28%    passed     96.40%
 449  JN093516.1    0.28%    passed     97.65%
 450  JN000935.1    0.28%    passed     90.45%
 451  JF937644.1    0.28%    passed     95.69%
 452  JF937651.1    0.28%    passed     92.32%
 453  JF937650.1    0.28%    passed     95.30%
 454  JF937649.1    0.28%    passed     95.34%
 455  JF937645.1    0.28%    passed     94.93%
 456  JF937635.1    0.28%    passed     98.98%
 457  JF937619.1    0.28%    passed     98.80%
 458  JF937617.1    0.28%    passed     95.29%
 459  JF937616.1    0.28%    passed     86.15%
 460  JF937615.1    0.28%    passed     97.08%
 461  JF937614.1    0.28%    passed     96.01%
 462  JF937613.1    0.28%    passed     87.58%
 463  JF937612.1    0.28%    passed     96.64%
 464  JF937611.1    0.28%    passed     96.20%
 465  JF937610.1    0.28%    passed     97.08%
 466  JF937605.1    0.28%    passed     92.64%
 467  JF937603.1    0.28%    passed     99.55%
 468  JF937602.1    0.28%    passed     96.01%
 469  JF937601.1    0.28%    passed     95.29%
 470  JF937600.1    0.28%    passed     97.16%
 471  JF937599.1    0.28%    passed     99.20%
 472  JF937598.1    0.28%    passed     95.34%
 473  JF937597.1    0.28%    passed     93.79%
 474  JF937596.1    0.28%    passed     73.73%
 475  HQ166036.1    0.28%    passed     88.26%
 476  HM631850.1    0.28%    passed     98.78%
 477  HM488256.1    0.28%    passed     97.88%
 478  HM488255.1    0.28%    passed     94.83%
 479  HM181970.1    0.28%    passed     97.02%
 480  HM181969.1    0.28%    passed     97.82%
 481  HM181968.1    0.28%    passed     85.13%
 482  HM181966.1    0.28%    passed     81.78%
 483  HM181965.1    0.28%    passed     99.06%
 484  HM181963.1    0.28%    passed     99.81%
 485  HM181962.1    0.28%    passed     92.82%
 486  HM181961.1    0.28%    passed     99.25%
 487  HM181960.1    0.28%    passed     97.96%
 488  HM181959.1    0.28%    passed     92.42%
 489  HM181957.1    0.28%    passed     98.42%
 490  HM181955.1    0.28%    passed     93.67%
 491  HM181954.1    0.28%    passed     94.83%
 492  HM181953.1    0.28%    passed     89.22%
 493  HM181952.1    0.28%    passed     97.31%
 494  HM181951.1    0.28%    passed     97.52%
 495  HM181947.1    0.28%    passed     98.49%
 496  HM181937.1    0.28%    passed     91.63%
 497  GU131984.1    0.28%    passed     90.15%
 498  GU131983.1    0.28%    passed     87.40%
 499  GU131979.1    0.28%    passed     90.26%
 500  GU131978.1    0.28%    passed     88.00%
 501  GU131977.1    0.28%    passed     86.58%
 502  GU131976.1    0.28%    passed     94.99%
 503  GU131970.1    0.28%    passed     94.29%
 504  GU131968.1    0.28%    passed     99.47%
 505  GU131967.1    0.28%    passed     79.74%
 506  GU131965.1    0.28%    passed     80.02%
 507  GU131961.1    0.28%    passed     93.91%
 508  GU131960.1    0.28%    passed     94.99%
 509  GU131958.1    0.28%    passed     96.87%
 510  GU131957.1    0.28%    passed     94.59%
 511  GU131949.1    0.28%    passed     91.62%
 512  GU131948.1    0.28%    passed     88.59%
 513  GU131926.1    0.28%    passed     97.52%
 514  GU131925.1    0.28%    passed     93.29%
 515  GU131923.1    0.28%    passed     94.20%
 516  GU131921.1    0.28%    passed     87.02%
 517  GU131920.1    0.28%    passed     94.83%
 518  GU131895.1    0.28%    passed     93.29%
 519  GU131893.1    0.28%    passed     98.15%
 520  GU131891.1    0.28%    passed     97.16%
 521  GU131890.1    0.28%    passed     98.67%
 522  GU131888.1    0.28%    passed     94.20%
 523  GU131863.1    0.28%    passed     96.18%
 524  GU131842.1    0.28%    passed     99.30%
 525  GU131841.1    0.28%    passed     89.84%
 526  GU131840.1    0.28%    passed     87.48%
 527  GU131839.1    0.28%    passed     83.61%
 528  GU131837.1    0.28%    passed     94.52%
 529  GU131836.1    0.28%    passed     98.58%
 530  GU131835.1    0.28%    passed     79.57%
 531  GU131833.1    0.28%    passed     97.32%
 532  GU131832.1    0.28%    passed     95.70%
 533  GU131831.1    0.28%    passed     97.16%
 534  GU131829.1    0.28%    passed     99.58%
 535  GU131828.1    0.28%    passed     95.12%
 536  GU131827.1    0.28%    passed     96.01%
 537  GU131824.1    0.28%    passed     98.78%
 538  GU131823.1    0.28%    passed     97.16%
 539  GU131820.1    0.28%    passed     87.63%
 540  GU131819.1    0.28%    passed     87.02%
 541  GU131818.1    0.28%    passed     97.82%
 542  GU131817.1    0.28%    passed     93.63%
 543  GU131816.1    0.28%    passed     93.01%
 544  GU131815.1    0.28%    passed     96.76%
 545  GU131813.1    0.28%    passed     99.06%
 546  GU131812.1    0.28%    passed     97.08%
 547  GU131808.1    0.28%    passed     95.19%
 548  GU131807.1    0.28%    passed     96.22%
 549  GU131806.1    0.28%    passed     97.66%
 550  GU131805.1    0.28%    passed     99.50%
 551  GU131803.1    0.28%    passed     94.01%
 552  GU131802.1    0.28%    passed     99.82%
 553  GU131801.1    0.28%    passed     99.58%
 554  GU131799.1    0.28%    passed     93.29%
 555  GU131796.1    0.28%    passed     98.92%
 556  GU131794.1    0.28%    passed     99.46%
 557  GU131792.1    0.28%    passed     97.31%
 558  GU131789.1    0.28%    passed     89.22%
 559  GU131786.1    0.28%    passed     99.57%
 560  GU131784.1    0.28%    passed     97.25%
 561  GU131783.1    0.28%    passed     99.65%
 562  GU131782.1    0.28%    passed     85.54%
 563  GU131780.1    0.28%    passed     93.79%
 564  GU131778.1    0.28%    passed     97.78%
 565  GU131771.1    0.28%    passed     89.63%
 566  GU131768.1    0.28%    passed     83.39%
 567  GU131767.1    0.28%    passed     99.89%
 568  GU131766.1    0.28%    passed     83.82%
 569  GU131765.1    0.28%    passed     99.57%
 570  GU131764.1    0.28%    passed     99.42%
 571  GU131762.1    0.28%    passed     99.46%
 572  GU131759.1    0.28%    passed     96.20%
 573  GU131753.1    0.28%    passed     79.43%
 574  GU131752.1    0.28%    passed     90.15%
 575  GU131751.1    0.28%    passed     99.48%
 576  GU131750.1    0.28%    passed     93.94%
 577  GU131748.1    0.28%    passed     90.45%
 578  GU131747.1    0.28%    passed     96.20%
 579  GU131744.1    0.28%    passed     99.87%
 580  GU131741.1    0.28%    passed     97.65%
 581  GU131739.1    0.28%    passed     98.21%
 582  GU131738.1    0.28%    passed     84.95%
 583  GU131735.1    0.28%    passed     98.15%
 584  GU131734.1    0.28%    passed     97.16%
 585  GU131730.1    0.28%    passed     99.46%
 586  GU131726.1    0.28%    passed     87.58%
 587  GU131725.1    0.28%    passed     82.74%
 588  GU131723.1    0.28%    passed     98.78%
 589  GU131722.1    0.28%    passed     99.57%
 590  GU131721.1    0.28%    passed     92.71%
 591  GU131716.1    0.28%    passed     92.82%
 592  GU131713.1    0.28%    passed     99.64%
 593  GU131708.1    0.28%    passed     95.29%
 594  GU131704.1    0.28%    passed     95.29%
 595  GU131700.1    0.28%    passed     97.65%
 596  GU131695.1    0.28%    passed     99.65%
 597  GU131692.1    0.28%    passed     97.65%
 598  GU131690.1    0.28%    passed     97.25%
 599  GU131689.1    0.28%    passed     99.20%
 600  GU131687.1    0.28%    passed     97.25%
 601  GU131685.1    0.28%    passed     97.16%
 602  GU131684.1    0.28%    passed     99.65%
 603  GU131683.1    0.28%    passed     93.79%
 604  GU131682.1    0.28%    passed     98.42%
 605  GU131681.1    0.28%    passed     81.34%
 606  GU131679.1    0.28%    passed     97.82%
 607  GU056033.1    0.28%    passed     99.09%
 608  GU056032.1    0.28%    passed     95.52%
 609  GU056031.1    0.28%    passed     88.16%
 610  GU056030.1    0.28%    passed     90.10%
 611  GQ868539.1    0.28%    passed     96.87%
 612  GQ868570.1    0.28%    passed     99.05%
 613  GQ868569.1    0.28%    passed     84.50%
 614  GQ868568.1    0.28%    passed     82.02%
 615  GQ868567.1    0.28%    passed     86.58%
 616  GQ868566.1    0.28%    passed     88.59%
 617  GQ868565.1    0.28%    passed     91.85%
 618  GQ868564.1    0.28%    passed     93.81%
 619  GQ868562.1    0.28%    passed     99.21%
 620  GQ868560.1    0.28%    passed     93.06%
 621  GQ868559.1    0.28%    passed     98.05%
 622  GQ868536.1    0.28%    passed     96.51%
 623  GQ868533.1    0.28%    passed     88.28%
 624  GQ868532.1    0.28%    passed     90.07%
 625  GQ868529.1    0.28%    passed     96.40%
 626  GQ868528.1    0.28%    passed     90.15%
 627  GQ868525.1    0.28%    passed     84.40%
 628  GQ868519.1    0.28%    passed     86.58%
 629  GQ868518.1    0.28%    passed     91.57%
 630  GQ868512.1    0.28%    passed     79.74%
 631  GQ868511.1    0.28%    passed     91.59%
 632  GQ868510.1    0.28%    passed     99.66%
 633  GQ868505.1    0.28%    passed     94.27%
 634  GQ868500.1    0.28%    passed     88.28%
 635  GQ868499.1    0.28%    passed     97.95%
 636  GQ868639.1    0.28%    passed     97.52%
 637  GQ868637.1    0.28%    passed     99.54%
 638  GQ868635.1    0.28%    passed     90.45%
 639  GQ868632.1    0.28%    passed     93.63%
 640  GQ868619.1    0.28%    passed     95.29%
 641  GQ868618.1    0.28%    passed     96.20%
 642  GQ868615.1    0.28%    passed     99.28%
 643  GQ868614.1    0.28%    passed     63.65%
 644  GQ868612.1    0.28%    passed     95.30%
 645  GQ868610.1    0.28%    passed     66.72%
 646  GQ868609.1    0.28%    passed     90.98%
 647  GQ868608.1    0.28%    passed     97.25%
 648  GQ868607.1    0.28%    passed     72.88%
 649  GQ868606.1    0.28%    passed     99.99%
 650  GQ868605.1    0.28%    passed     77.71%
 651  GQ868602.1    0.28%    passed     82.02%
 652  GQ868601.1    0.28%    passed     99.89%
 653  GQ199877.1    0.28%    passed     90.80%
 654  GQ199875.1    0.28%    passed     96.18%
 655  GQ199872.1    0.28%    passed     92.53%
 656  GQ199859.1    0.28%    passed     99.08%
 657  GQ199855.1    0.28%    passed     96.76%
 658  GQ199854.1    0.28%    passed     97.65%
 659  GQ199852.1    0.28%    passed     85.97%
 660  GQ199849.1    0.28%    passed     63.14%
 661  GQ199848.1    0.28%    passed     85.54%
 662  GQ199846.1    0.28%    passed     81.34%
 663  GQ199845.1    0.28%    passed     98.65%
 664  GQ199843.1    0.28%    passed     96.19%
 665  GQ199840.1    0.28%    passed     98.92%
 666  GQ199839.1    0.28%    passed     63.75%
 667  GQ199838.1    0.28%    passed     79.18%
 668  GQ199837.1    0.28%    passed     74.30%
 669  GQ199835.1    0.28%    passed     92.32%
 670  GQ199834.1    0.28%    passed     87.83%
 671  GQ199833.1    0.28%    passed     81.89%
 672  GQ199832.1    0.28%    passed     77.11%
 673  GQ199831.1    0.28%    passed     89.63%
 674  GQ199830.1    0.28%    passed     81.89%
 675  GQ199829.1    0.28%    passed     95.12%
 676  GQ199828.1    0.28%    passed     92.44%
 677  GQ199826.1    0.28%    passed     98.44%
 678  GQ199825.1    0.28%    passed     99.75%
 679  GQ199824.1    0.28%    passed     97.65%
 680  GQ199822.1    0.28%    passed     90.45%
 681  GQ199820.1    0.28%    passed     98.72%
 682  GQ199819.1    0.28%    passed     97.16%
 683  GQ199818.1    0.28%    passed     86.71%
 684  GQ199817.1    0.28%    passed     97.98%
 685  GQ199816.1    0.28%    passed     96.20%
 686  GQ199814.1    0.28%    passed     98.78%
 687  GQ199811.1    0.28%    passed     98.78%
 688  GQ199810.1    0.28%    passed     98.42%
 689  GQ199807.1    0.28%    passed     98.92%
 690  GQ199806.1    0.28%    passed     96.20%
 691  GQ199805.1    0.28%    passed     85.89%
 692  GQ199802.1    0.28%    passed     95.19%
 693  GQ199801.1    0.28%    passed     99.84%
 694  GQ199800.1    0.28%    passed     99.46%
 695  GQ199799.1    0.28%    passed     98.44%
 696  GQ199798.1    0.28%    passed     99.95%
 697  GQ199793.1    0.28%    passed     83.73%
 698  GQ199792.1    0.28%    passed     93.96%
 699  GQ199791.1    0.28%    passed     89.63%
 700  GQ199789.1    0.28%    passed     98.92%
 701  GQ199788.1    0.28%    passed     98.92%
 702  GQ199787.1    0.28%    passed     69.34%
 703  GQ199786.1    0.28%    passed     93.79%
 704  GQ199783.1    0.28%    passed     87.45%
 705  GQ199782.1    0.28%    passed     93.25%
 706  GQ199781.1    0.28%    passed     78.60%
 707  GQ199780.1    0.28%    passed     96.20%
 708  GQ199778.1    0.28%    passed     97.08%
 709  GQ199777.1    0.28%    passed     96.76%
 710  GQ199776.1    0.28%    passed     95.12%
 711  GQ199775.1    0.28%    passed     95.84%
 712  GQ199773.1    0.28%    passed     99.57%
 713  GQ199772.1    0.28%    passed     93.01%
 714  GQ199771.1    0.28%    passed     95.19%
 715  FJ906728.1    0.28%    passed     91.68%
 716  FJ906965.1    0.28%    passed     96.76%
 717  FJ906963.1    0.28%    passed     97.65%
 718  FJ898448.1    0.28%    passed     95.69%
 719  FJ898437.1    0.28%    passed     95.61%
 720  FJ898433.1    0.28%    passed     96.18%
 721  FJ898431.1    0.28%    passed     98.78%
 722  FJ898428.1    0.28%    passed     74.55%
 723  FJ898425.1    0.28%    passed     79.43%
 724  FJ898423.1    0.28%    passed     94.44%
 725  FJ898420.1    0.28%    passed     92.10%
 726  FJ898415.1    0.28%    passed     81.78%
 727  FJ898414.1    0.28%    passed     69.34%
 728  FJ898413.1    0.28%    passed     99.61%
 729  FJ898412.1    0.28%    passed     89.22%
 730  FJ898408.1    0.28%    passed     83.63%
 731  FJ898406.1    0.28%    passed     81.89%
 732  FJ898405.1    0.28%    passed     79.18%
 733  FJ898403.1    0.28%    passed     96.15%
 734  FJ898402.1    0.28%    passed     96.01%
 735  FJ898401.1    0.28%    passed     97.78%
 736  FJ898400.1    0.28%    passed     95.30%
 737  FJ898399.1    0.28%    passed     93.01%
 738  FJ898395.1    0.28%    passed     93.63%
 739  FJ898394.1    0.28%    passed     77.11%
 740  FJ898393.1    0.28%    passed     81.89%
 741  FJ898392.1    0.28%    passed     87.58%
 742  FJ898390.1    0.28%    passed     71.63%
 743  FJ898389.1    0.28%    passed     91.00%
 744  FJ898386.1    0.28%    passed     81.34%
 745  FJ898385.1    0.28%    passed     81.69%
 746  FJ898384.1    0.28%    passed     98.44%
 747  FJ898379.1    0.28%    passed     96.19%
 748  FJ898377.1    0.28%    passed     97.88%
 749  FJ898376.1    0.28%    passed     89.55%
 750  FJ898375.1    0.28%    passed     96.20%
 751  FJ898373.1    0.28%    passed     95.69%
 752  FJ898372.1    0.28%    passed     95.30%
 753  FJ898371.1    0.28%    passed     89.63%
 754  FJ882569.1    0.28%    passed     72.18%
 755  FJ882568.1    0.28%    passed     81.78%
 756  FJ882564.1    0.28%    passed     81.78%
 757  FJ882563.1    0.28%    passed     95.19%
 758  FJ882561.1    0.28%    passed     83.63%
 759  FJ882560.1    0.28%    passed     99.28%
 760  FJ882559.1    0.28%    passed     99.48%
 761  FJ882555.1    0.28%    passed     99.20%
 762  FJ882551.1    0.28%    passed     97.88%
 763  FJ882550.1    0.28%    passed     87.02%
 764  FJ882544.1    0.28%    passed     95.98%
 765  FJ882543.1    0.28%    passed     86.09%
 766  FJ882542.1    0.28%    passed     86.09%
 767  FJ882540.1    0.28%    passed     99.81%
 768  FJ882538.1    0.28%    passed     97.82%
 769  FJ882533.1    0.28%    passed     85.97%
 770  FJ882532.1    0.28%    passed     99.20%
 771  FJ882531.1    0.28%    passed     99.57%
 772  FJ882529.1    0.28%    passed     98.67%
 773  FJ882528.1    0.28%    passed     94.01%
 774  FJ882524.1    0.28%    passed     71.98%
 775  FJ882523.1    0.28%    passed     77.23%
 776  FJ882522.1    0.28%    passed     94.54%
 777  FJ882521.1    0.28%    passed     97.82%
 778  FJ882520.1    0.28%    passed     94.73%
 779  FJ882515.1    0.28%    passed     83.88%
 780  FJ873814.1    0.28%    passed     94.29%
 781  FJ873809.1    0.28%    passed     97.29%
 782  FJ461320.1    0.28%    passed     95.99%
 783  FJ850104.1    0.28%    passed     91.85%
 784  FJ850103.1    0.28%    passed     91.44%
 785  FJ850099.1    0.28%    passed     99.76%
 786  FJ850114.1    0.28%    passed     94.29%
 787  FJ850093.1    0.28%    passed     99.67%
 788  FJ850090.1    0.28%    passed     98.82%
 789  FJ850087.1    0.28%    passed     96.39%
 790  FJ850084.1    0.28%    passed     99.18%
 791  FJ850081.1    0.28%    passed     96.40%
 792  FJ850077.1    0.28%    passed     98.47%
 793  FJ850075.1    0.28%    passed     97.75%
 794  FJ850073.1    0.28%    passed     98.90%
 795  FJ850071.1    0.28%    passed     98.82%
 796  FJ850070.1    0.28%    passed     98.98%
 797  FJ850069.1    0.28%    passed     99.82%
 798  FJ850068.1    0.28%    passed     98.89%
 799  FJ810419.1    0.28%    passed     96.40%
 800  FJ744701.1    0.28%    passed     98.92%
 801  FJ687433.1    0.28%    passed     98.98%
 802  FJ687431.1    0.28%    passed     98.49%
 803  FJ639695.1    0.28%    passed     96.76%
 804  FJ639693.1    0.28%    passed     99.38%
 805  FJ639691.1    0.28%    passed     98.88%
 806  FJ639690.1    0.28%    passed     98.90%
 807  FJ639689.1    0.28%    passed     98.74%
 808  FJ639688.1    0.28%    passed     95.19%
 809  FJ639685.1    0.28%    passed     96.76%
 810  FJ639684.1    0.28%    passed     98.88%
 811  FJ639683.1    0.28%    passed     95.99%
 812  FJ639682.1    0.28%    passed     85.97%
 813  FJ639681.1    0.28%    passed     95.19%
 814  FJ639679.1    0.28%    passed     96.76%
 815  FJ639678.1    0.28%    passed     97.82%
 816  FJ639677.1    0.28%    passed     95.29%
 817  FJ639676.1    0.28%    passed     99.42%
 818  FJ639675.1    0.28%    passed     98.15%
 819  FJ639673.1    0.28%    passed     98.15%
 820  FJ639672.1    0.28%    passed     97.08%
 821  FJ639671.1    0.28%    passed     99.54%
 822  FJ639670.1    0.28%    passed     95.19%
 823  FJ639669.1    0.28%    passed     92.71%
 824  FJ461340.1    0.28%    passed     98.44%
 825  FJ461339.1    0.28%    passed     98.51%
 826  FJ461336.1    0.28%    passed     96.52%
 827  FJ461335.1    0.28%    passed     69.09%
 828  FJ461331.1    0.28%    passed     93.01%
 829  FJ461323.1    0.28%    passed     93.01%
 830  FJ461313.1    0.28%    passed     93.96%
 831  FJ461312.1    0.28%    passed     99.46%
 832  FJ461308.1    0.28%    passed     99.65%
 833  FJ432749.1    0.28%    passed     85.54%
 834  FJ432747.1    0.28%    passed     87.40%
 835  FJ432746.1    0.28%    passed     96.19%
 836  FJ432745.1    0.28%    passed     95.19%
 837  FJ432736.1    0.28%    passed     93.01%
 838  FJ432734.1    0.28%    passed     93.50%
 839  FJ432732.1    0.28%    passed     89.55%
 840  FJ432723.1    0.28%    passed     72.06%
 841  FJ639824.1    0.28%    passed     97.29%
 842  FJ639821.1    0.28%    passed     93.07%
 843  FJ639820.1    0.28%    passed     99.86%
 844  FJ639819.1    0.28%    passed     94.30%
 845  FJ639818.1    0.28%    passed     98.95%
 846  FJ639815.1    0.28%    passed     83.61%
 847  FJ639813.1    0.28%    passed     98.50%
 848  FJ639811.1    0.28%    passed     93.07%
 849  FJ639802.1    0.28%    passed     99.21%
 850  FJ639797.1    0.28%    passed     98.04%
 851  FJ639796.1    0.28%    passed     98.54%
 852  FJ639794.1    0.28%    passed     95.50%
 853  FJ639743.1    0.28%    passed     94.46%
 854  FJ639741.1    0.28%    passed     98.95%
 855  FJ639740.1    0.28%    passed     94.52%
 856  FJ639735.1    0.28%    passed     98.09%
 857  FJ547089.1    0.28%    passed     91.59%
 858  FJ547068.1    0.28%    passed     96.40%
 859  FJ562106.1    0.28%    passed     95.45%
 860  FJ562105.1    0.28%    passed     87.65%
 861  FJ547087.1    0.28%    passed     95.03%
 862  FJ547086.1    0.28%    passed     92.60%
 863  FJ547065.1    0.28%    passed     94.03%
 864  FJ547060.1    0.28%    passed     74.30%
 865  FJ478458.1    0.28%    passed     94.04%
 866  FJ478457.1    0.28%    passed     93.41%
 867  FJ410290.1    0.28%    passed     97.95%
 868  FJ410289.1    0.28%    passed     97.82%
 869  FJ410287.1    0.28%    passed     96.76%
 870  FJ410285.1    0.28%    passed     96.19%
 871  FJ410284.1    0.28%    passed     74.30%
 872  FJ410281.1    0.28%    passed     97.25%
 873  FJ410274.1    0.28%    passed     95.86%
 874  FJ410273.1    0.28%    passed     98.65%
 875  FJ410267.1    0.28%    passed     92.10%
 876  FJ410266.1    0.28%    passed     72.18%
 877  FJ410262.1    0.28%    passed     98.88%
 878  FJ410258.1    0.28%    passed     98.49%
 879  FJ410257.1    0.28%    passed     96.15%
 880  FJ410252.1    0.28%    passed     96.15%
 881  FJ410251.1    0.28%    passed     82.16%
 882  FJ410250.1    0.28%    passed     92.10%
 883  FJ410249.1    0.28%    passed     98.92%
 884  FJ410247.1    0.28%    passed     89.22%
 885  FJ410246.1    0.28%    passed     97.65%
 886  FJ410244.1    0.28%    passed     92.82%
 887  FJ410242.1    0.28%    passed     95.55%
 888  FJ410240.1    0.28%    passed     98.92%
 889  FJ410239.1    0.28%    passed     93.79%
 890  FJ410238.1    0.28%    passed     97.88%
 891  FJ410235.1    0.28%    passed     97.82%
 892  FJ410234.1    0.28%    passed     92.10%
 893  FJ410230.1    0.28%    passed     98.92%
 894  FJ410225.1    0.28%    passed     92.64%
 895  FJ410222.1    0.28%    passed     98.92%
 896  FJ410218.1    0.28%    passed     77.11%
 897  FJ410212.1    0.28%    passed     98.16%
 898  FJ410204.1    0.28%    passed     90.15%
 899  FJ410201.1    0.28%    passed     96.15%
 900  FJ410199.1    0.28%    passed     97.96%
 901  FJ410198.1    0.28%    passed     93.79%
 902  FJ410196.1    0.28%    passed     92.82%
 903  FJ410190.1    0.28%    passed     97.84%
 904  FJ410189.1    0.28%    passed     93.50%
 905  FJ410188.1    0.28%    passed     93.98%
 906  FJ410187.1    0.28%    passed     95.61%
 907  FJ410186.1    0.28%    passed     90.26%
 908  FJ410184.1    0.28%    passed     93.06%
 909  FJ410183.1    0.28%    passed     90.07%
 910  FJ410180.1    0.28%    passed     94.29%
 911  FJ410179.1    0.28%    passed     95.45%
 912  FJ410173.1    0.28%    passed     93.24%
 913  FJ390382.1    0.28%    passed     94.83%
 914  FJ390381.1    0.28%    passed     98.92%
 915  FJ390380.1    0.28%    passed     91.85%
 916  FJ390379.1    0.28%    passed     95.03%
 917  FJ390378.1    0.28%    passed     90.15%
 918  FJ373305.1    0.28%    passed     94.83%
 919  FJ373297.1    0.28%    passed     97.66%
 920  FJ205883.1    0.28%    passed     96.52%
 921  FJ205882.1    0.28%    passed     98.86%
 922  FJ205881.1    0.28%    passed     97.82%
 923  FJ205876.1    0.28%    passed     93.79%
 924  FJ182036.1    0.28%    passed     98.88%
 925  FJ182035.1    0.28%    passed     98.49%
 926  FJ182034.1    0.28%    passed     99.72%
 927  FJ182033.1    0.28%    passed     97.66%
 928  FJ182031.1    0.28%    passed     99.89%
 929  FJ182030.1    0.28%    passed     93.79%
 930  FJ182003.1    0.28%    passed     94.20%
 931  FJ205875.1    0.28%    passed     93.06%
 932  FJ205874.1    0.28%    passed     90.35%
 933  FJ205873.1    0.28%    passed     90.15%
 934  FJ205872.1    0.28%    passed     93.24%
 935  FJ182002.1    0.28%    passed     97.75%
 936  FJ024472.1    0.28%    passed     97.78%
 937  FJ024463.1    0.28%    passed     99.89%
 938  FJ024462.1    0.28%    passed     94.87%
 939  FJ024460.1    0.28%    passed     99.57%
 940  FJ024459.1    0.28%    passed     98.42%
 941  FJ024457.1    0.28%    passed     96.20%
 942  FJ024456.1    0.28%    passed     74.30%
 943  FJ024455.1    0.28%    passed     96.01%
 944  FJ024453.1    0.28%    passed     99.46%
 945  FJ024451.1    0.28%    passed     97.96%
 946  FJ024449.1    0.28%    passed     97.08%
 947  FJ024447.1    0.28%    passed     97.96%
 948  FJ024442.1    0.28%    passed     99.06%
 949  FJ024441.1    0.28%    passed     94.01%
 950  FJ024440.1    0.28%    passed     97.65%
 951  FJ024439.1    0.28%    passed     99.65%
 952  FJ024436.1    0.28%    passed     99.11%
 953  FJ024435.1    0.28%    passed     97.65%
 954  FJ024432.1    0.28%    passed     98.15%
 955  FJ024426.1    0.28%    passed     97.25%
 956  FJ024485.1    0.28%    passed     92.68%
 957  FJ024483.1    0.28%    passed     97.01%
 958  FJ024482.1    0.28%    passed     97.04%
 959  FJ024480.1    0.28%    passed     96.18%
 960  FJ024479.1    0.28%    passed     95.12%
 961  EU726781.1    0.28%    passed     97.47%
 962  EU726780.1    0.28%    passed     96.01%
 963  EU726778.1    0.28%    passed     91.99%
 964  EU687251.1    0.28%    passed     96.76%
 965  EU687247.1    0.28%    passed     99.06%
 966  EU677173.1    0.28%    passed     87.45%
 967  EU677169.1    0.28%    passed     95.55%
 968  EU677168.1    0.28%    passed     97.96%
 969  EU677160.1    0.28%    passed     97.08%
 970  EU677155.1    0.28%    passed     96.82%
 971  EU677152.1    0.28%    passed     98.92%
 972  EU677140.1    0.28%    passed     97.08%
 973  EU660393.1    0.28%    passed     96.19%
 974  EU660391.1    0.28%    passed     96.01%
 975  EU660418.1    0.28%    passed     97.96%
 976  EU660402.1    0.28%    passed     98.65%
 977  EU482828.1    0.28%    passed     96.20%
 978  EU482827.1    0.28%    passed     69.09%
 979  EU482825.1    0.28%    passed     79.18%
 980  EU482824.1    0.28%    passed     74.30%
 981  EU482822.1    0.28%    passed     81.78%
 982  EU482820.1    0.28%    passed     98.78%
 983  EU482819.1    0.28%    passed     97.65%
 984  EU482815.1    0.28%    passed     99.57%
 985  EU482813.1    0.28%    passed     97.82%
 986  EU482811.1    0.28%    passed     96.79%
 987  EU482810.1    0.28%    passed     97.25%
 988  EU482809.1    0.28%    passed     98.44%
 989  EU482804.1    0.28%    passed     98.78%
 990  EU482800.1    0.28%    passed     94.01%
 991  EU482799.1    0.28%    passed     96.19%
 992  EU482797.1    0.28%    passed     96.01%
 993  EU482791.1    0.28%    passed     81.78%
 994  EU482790.1    0.28%    passed     99.46%
 995  EU482789.1    0.28%    passed     81.78%
 996  EU482718.1    0.28%    passed     99.57%
 997  EU482714.1    0.28%    passed     99.34%
 998  EU482710.1    0.28%    passed     96.76%
 999  EU482709.1    0.28%    passed     90.98%
1000  EU482706.1    0.28%    passed     99.28%
1001  EU482616.1    0.28%    passed     89.48%
1002  EU482592.1    0.28%    passed     93.13%
1003  EU482591.1    0.28%    passed     90.80%
1004  EU482567.1    0.28%    passed     96.39%
1005  EU482540.1    0.28%    passed     95.30%
1006  EU482533.1    0.28%    passed     98.88%
1007  EU482532.1    0.28%    passed     98.44%
1008  EU482528.1    0.28%    passed     94.01%
1009  EU482526.1    0.28%    passed     81.78%
1010  EU482524.1    0.28%    passed     97.08%
1011  EU482522.1    0.28%    passed     93.79%
1012  EU482521.1    0.28%    passed     97.08%
1013  EU482520.1    0.28%    passed     94.87%
1014  EU482519.1    0.28%    passed     78.60%
1015  EU482510.1    0.28%    passed     91.63%
1016  EU482509.1    0.28%    passed     95.19%
1017  EU482505.1    0.28%    passed     98.88%
1018  EU482501.1    0.28%    passed     96.52%
1019  EU482497.1    0.28%    passed     93.79%
1020  EU482487.1    0.28%    passed     97.82%
1021  EU482484.1    0.28%    passed     99.20%
1022  EU482481.1    0.28%    passed     94.83%
1023  EU249494.1    0.28%    passed     81.78%
1024  EU249493.1    0.28%    passed     98.92%
1025  EU249492.1    0.28%    passed     99.21%
1026  JQ287666.1    0.28%    passed     93.50%
1027  JQ287664.1    0.28%    passed     98.74%
1028  JQ287661.1    0.28%    passed     81.69%
WARNING: 1 sequences contain more than 50% gaps/ambiguity
****  TOTAL         0.38%  0 sequences failed composition chi2 test (p-value<5%; df=3)
Checking for duplicate sequences: done in 0.010559 secs using 198.4% CPU


Create initial parsimony tree by phylogenetic likelihood library (PLL)... 0.483 seconds
Measuring multi-threading efficiency up to 4 CPU cores
7 trees examined
Threads: 1 / Time: 4.138 sec / Speedup: 1.000 / Efficiency: 100% / LogL: -155826
Threads: 2 / Time: 2.793 sec / Speedup: 1.482 / Efficiency: 74% / LogL: -155826
Threads: 3 / Time: 3.319 sec / Speedup: 1.247 / Efficiency: 42% / LogL: -155826
Determining AUTO threadcount: done in 10.27 secs using 181.6% CPU
BEST NUMBER OF THREADS: 2

Perform fast likelihood tree search using GTR+I+G model...
Estimate model parameters (epsilon = 5.000)
Perform nearest neighbor interchange...
Optimizing NNI: done in 5.87711 secs using 186.5% CPU
Estimate model parameters (epsilon = 1.000)
1. Initial log-likelihood: -21508.526
2. Current log-likelihood: -21507.044
Optimal log-likelihood: -21506.717
Rate parameters:  A-C: 1.18066  A-G: 13.75853  A-T: 1.87925  C-G: 0.67813  C-T: 32.67759  G-T: 1.00000
Base frequencies:  A: 0.331  C: 0.197  G: 0.253  T: 0.219
Proportion of invariable sites: 0.460
Gamma shape alpha: 1.420
Parameters optimization took 2 rounds (3.153 sec)
Time for fast ML tree search: 21.914 seconds

NOTE: ModelFinder requires 184 MB RAM!
ModelFinder will test up to 968 DNA models (sample size: 1059 epsilon: 0.100) ...
 No. Model         -LnL         df  AIC          AICc         BIC
  1  JC            25753.858    2053 55613.716    8489337.716  65807.026
  2  JC+I          24197.544    2054 52503.087    8494443.087  62701.362
  3  JC+G4         23781.414    2054 51670.828    8493610.828  61869.103
  4  JC+I+G4       23708.263    2055 51526.527    8501686.527  61729.767
  5  JC+R2         23936.979    2055 51983.957    8502143.957  62187.198
  6  JC+R3         23730.891    2057 51575.782    8518187.782  61788.953
  7  JC+R4         23652.753    2059 51423.506    8534503.506  61646.607
  8  JC+R5         23646.601    2061 51415.201    8550979.201  61648.232
 14  JC+I+R2       23747.060    2056 51606.120    8509990.120  61814.326
 15  JC+I+R3       23626.170    2058 51368.339    8526212.339  61586.475
 16  JC+I+R4       23596.817    2060 51313.633    8542633.633  61541.699
 17  JC+I+R5       23595.651    2062 51315.302    8559127.302  61553.297
 38  JC+I+R4       23596.817    2060 51313.633    8542633.633  61541.699
 60  F81+I+R4      23596.823    2060 51313.645    8542633.645  61541.711
 82  F81+F+I+R4    23755.891    2063 51637.781    8567701.781  61880.742
104  K2P+I+R4      21471.724    2061 47065.448    8546629.448  57298.479
126  K2P+I+R4      21471.724    2061 47065.448    8546629.448  57298.479
148  HKY+I+R4      21471.665    2061 47065.330    8546629.330  57298.360
170  HKY+F+I+R4    21500.018    2064 47128.036    8571448.036  57375.962
192  TNe+I+R4      21412.768    2062 46949.536    8554761.536  57187.532
214  TNe+I+R4      21412.768    2062 46949.536    8554761.536  57187.532
236  TN+I+R4       21412.670    2062 46949.340    8554761.340  57187.335
258  TN+F+I+R4     21366.300    2065 46862.599    8579442.599  57115.490
280  K3P+I+R4      21469.700    2062 47063.400    8554875.400  57301.396
302  K3P+I+R4      21469.700    2062 47063.400    8554875.400  57301.396
324  K3Pu+I+R4     21469.628    2062 47063.256    8554875.256  57301.252
346  K3Pu+F+I+R4   21497.675    2065 47125.350    8579705.350  57378.241
368  TPM2+I+R4     21449.457    2062 47022.914    8554834.914  57260.909
390  TPM2+I+R4     21449.457    2062 47022.914    8554834.914  57260.909
412  TPM2u+I+R4    21449.441    2062 47022.882    8554834.882  57260.878
434  TPM2u+F+I+R4  21486.752    2065 47103.504    8579683.504  57356.395
456  TPM3+I+R4     21462.162    2062 47048.324    8554860.324  57286.320
478  TPM3+I+R4     21462.162    2062 47048.324    8554860.324  57286.320
500  TPM3u+I+R4    21462.129    2062 47048.258    8554860.258  57286.254
522  TPM3u+F+I+R4  21491.679    2065 47113.358    8579693.358  57366.249
544  TIMe+I+R4     21410.481    2063 46946.962    8563010.962  57189.923
566  TIMe+I+R4     21410.481    2063 46946.962    8563010.962  57189.923
588  TIM+I+R4      21410.419    2063 46946.837    8563010.837  57189.798
610  TIM+F+I+R4    21362.735    2066 46857.469    8587701.469  57115.325
632  TIM2e+I+R4    21393.192    2063 46912.385    8562976.385  57155.345
654  TIM2e+I+R4    21393.192    2063 46912.385    8562976.385  57155.345
676  TIM2+I+R4     21393.157    2063 46912.313    8562976.313  57155.274
698  TIM2+F+I+R4   21354.166    2066 46840.333    8587684.333  57098.189
720  TIM3e+I+R4    21402.516    2063 46931.032    8562995.032  57173.993
742  TIM3e+I+R4    21402.516    2063 46931.032    8562995.032  57173.993
764  TIM3+I+R4     21402.481    2063 46930.962    8562994.962  57173.923
786  TIM3+F+I+R4   21358.171    2066 46848.342    8587692.342  57106.198
808  TVMe+I+R4     21440.023    2064 47008.046    8571328.046  57255.971
830  TVMe+I+R4     21440.023    2064 47008.046    8571328.046  57255.971
852  TVM+I+R4      21439.977    2064 47007.954    8571327.954  57255.879
874  TVM+F+I+R4    21478.698    2067 47091.395    8596203.395  57354.216
896  SYM+I+R4      21384.641    2065 46899.283    8579479.283  57152.173
918  SYM+I+R4      21384.641    2065 46899.283    8579479.283  57152.173
940  GTR+I+R4      21384.617    2065 46899.233    8579479.233  57152.124
962  GTR+F+I+R4    21347.426    2068 46830.851    8604214.851  57098.638
Akaike Information Criterion:           GTR+F+I+R4
Corrected Akaike Information Criterion: JC
Bayesian Information Criterion:         TIM2+F+I+R4
Best-fit model: TIM2+F+I+R4 chosen according to BIC

All model information printed to data/intermediate/denv1_NS1_aligned.fasta.model.gz
CPU time for ModelFinder: 1196.720 seconds (0h:19m:56s)
Wall-clock time for ModelFinder: 624.885 seconds (0h:10m:24s)
Generating 1000 samples for ultrafast bootstrap (seed: 642670)...

NOTE: 75 MB RAM (0 GB) is required!
Estimate model parameters (epsilon = 0.100)
1. Initial log-likelihood: -21353.864
Optimal log-likelihood: -21353.756
Rate parameters:  A-C: 1.76719  A-G: 14.57444  A-T: 1.76719  C-G: 1.00000  C-T: 42.23611  G-T: 1.00000
Base frequencies:  A: 0.331  C: 0.197  G: 0.253  T: 0.219
Proportion of invariable sites: 0.443
Site proportion and rates:  (0.179,0.346) (0.282,1.818) (0.095,3.957) (0.001,53.001)
Parameters optimization took 1 rounds (1.848 sec)
Wrote distance file to... 
Computing ML distances based on estimated model parameters...
Calculating distance matrix: done in 3.77308 secs using 199.1% CPU
Computing ML distances took 3.788723 sec (of wall-clock time) 7.528750 sec (of CPU time)
Setting up auxiliary I and S matrices: done in 0.0230861 secs using 262.3% CPU
Constructing RapidNJ tree: done in 0.31439 secs using 177.7% CPU
Computing RapidNJ tree took 0.337617 sec (of wall-clock time) 0.619286 sec (of CPU time)
Log-likelihood of RapidNJ tree: -21864.542
--------------------------------------------------------------------
|             INITIALIZING CANDIDATE TREE SET                      |
--------------------------------------------------------------------
Generating 98 parsimony trees... 46.503 second
Computing log-likelihood of 98 initial trees ... 26.191 seconds
Current best score: -21331.230

Do NNI search on 20 best initial trees
Optimizing NNI: done in 15.5282 secs using 197.2% CPU
Estimate model parameters (epsilon = 0.100)
BETTER TREE FOUND at iteration 1: -21284.189
Optimizing NNI: done in 17.526 secs using 197.2% CPU
Estimate model parameters (epsilon = 0.100)
BETTER TREE FOUND at iteration 2: -21283.459
Optimizing NNI: done in 18.6961 secs using 197.2% CPU
Optimizing NNI: done in 13.2175 secs using 196.9% CPU
Optimizing NNI: done in 18.3231 secs using 197.2% CPU
Optimizing NNI: done in 18.8211 secs using 197% CPU
Optimizing NNI: done in 17.3099 secs using 197.1% CPU
Optimizing NNI: done in 19.292 secs using 197.1% CPU
Optimizing NNI: done in 17.6669 secs using 197.1% CPU
Estimate model parameters (epsilon = 0.100)
BETTER TREE FOUND at iteration 9: -21276.093
Optimizing NNI: done in 22.2315 secs using 183.9% CPU
Iteration 10 / LogL: -21311.999 / Time: 0h:15m:0s
Optimizing NNI: done in 19.9158 secs using 190% CPU
Optimizing NNI: done in 19.6007 secs using 191.2% CPU
Optimizing NNI: done in 19.4529 secs using 193.1% CPU
Optimizing NNI: done in 19.9434 secs using 192.1% CPU
Optimizing NNI: done in 19.2498 secs using 197.1% CPU
Optimizing NNI: done in 18.0732 secs using 194.7% CPU
Optimizing NNI: done in 7.03245 secs using 197.5% CPU
Optimizing NNI: done in 18.0952 secs using 194.1% CPU
Optimizing NNI: done in 20.7467 secs using 190.8% CPU
Optimizing NNI: done in 16.787 secs using 196.1% CPU
Iteration 20 / LogL: -21327.899 / Time: 0h:17m:59s
Finish initializing candidate tree set (20)
Current best tree score: -21276.093 / CPU time: 445.840
Number of iterations: 20
--------------------------------------------------------------------
|               OPTIMIZING CANDIDATE TREE SET                      |
--------------------------------------------------------------------
Optimizing NNI: done in 12.9991 secs using 195.7% CPU
Optimizing NNI: done in 16.2428 secs using 196.2% CPU
Optimizing NNI: done in 12.685 secs using 195.5% CPU
Optimizing NNI: done in 17.3447 secs using 195.8% CPU
Optimizing NNI: done in 11.3524 secs using 195.6% CPU
Optimizing NNI: done in 16.5357 secs using 196.1% CPU
Optimizing NNI: done in 13.6297 secs using 195.6% CPU
Optimizing NNI: done in 17.3344 secs using 190.9% CPU
Optimizing NNI: done in 12.6727 secs using 194.1% CPU
Optimizing NNI: done in 17.7321 secs using 192.5% CPU
Iteration 30 / LogL: -21297.169 / Time: 0h:20m:31s (0h:27m:31s left)
Optimizing NNI: done in 17.547 secs using 191.5% CPU
Optimizing NNI: done in 19.6136 secs using 196.1% CPU
Estimate model parameters (epsilon = 0.100)
BETTER TREE FOUND at iteration 32: -21264.955
Optimizing NNI: done in 15.2563 secs using 196.1% CPU
Optimizing NNI: done in 10.6854 secs using 194.3% CPU
Optimizing NNI: done in 16.1768 secs using 196.3% CPU
Optimizing NNI: done in 16.7554 secs using 196.6% CPU
Optimizing NNI: done in 16.1209 secs using 196.1% CPU
Optimizing NNI: done in 13.3945 secs using 195.3% CPU
Optimizing NNI: done in 16.2211 secs using 196.4% CPU
Optimizing NNI: done in 17.5021 secs using 196.1% CPU
Estimate model parameters (epsilon = 0.100)
BETTER TREE FOUND at iteration 40: -21253.086
Iteration 40 / LogL: -21253.086 / Time: 0h:23m:19s (0h:33m:5s left)
Optimizing NNI: done in 9.92214 secs using 193.7% CPU
Optimizing NNI: done in 23.3107 secs using 187.7% CPU
Optimizing NNI: done in 23.2982 secs using 193.9% CPU
Optimizing NNI: done in 22.225 secs using 194.7% CPU
Optimizing NNI: done in 14.2062 secs using 195.1% CPU
Optimizing NNI: done in 6.87267 secs using 192.8% CPU
Optimizing NNI: done in 15.9747 secs using 195.4% CPU
Optimizing NNI: done in 21.1401 secs using 195.9% CPU
Optimizing NNI: done in 14.4772 secs using 194.1% CPU
Optimizing NNI: done in 16.1241 secs using 178.5% CPU
Iteration 50 / LogL: -21302.374 / Time: 0h:26m:10s (0h:28m:56s left)
Log-likelihood cutoff on original alignment: -21355.941
Optimizing NNI: done in 18.0932 secs using 191.1% CPU
Optimizing NNI: done in 19.5906 secs using 191.7% CPU
Optimizing NNI: done in 20.8191 secs using 166.7% CPU
Optimizing NNI: done in 21.3164 secs using 189.8% CPU
Optimizing NNI: done in 14.7838 secs using 190.7% CPU
Optimizing NNI: done in 14.3821 secs using 191% CPU
Optimizing NNI: done in 16.7981 secs using 193.9% CPU
Optimizing NNI: done in 12.545 secs using 193.8% CPU
Optimizing NNI: done in 19.1844 secs using 195% CPU
Optimizing NNI: done in 17.5822 secs using 189.9% CPU
Iteration 60 / LogL: -21281.127 / Time: 0h:29m:21s (0h:25m:41s left)
Optimizing NNI: done in 17.9848 secs using 194.2% CPU
Optimizing NNI: done in 16.4645 secs using 194.8% CPU
Optimizing NNI: done in 18.5878 secs using 193.9% CPU
Optimizing NNI: done in 15.762 secs using 193.6% CPU
Optimizing NNI: done in 15.9034 secs using 190.9% CPU
Optimizing NNI: done in 12.3382 secs using 172.3% CPU
Optimizing NNI: done in 14.5192 secs using 189.5% CPU
Optimizing NNI: done in 16.043 secs using 194.8% CPU
Optimizing NNI: done in 16.536 secs using 194.9% CPU
Optimizing NNI: done in 16.7941 secs using 189.3% CPU
Iteration 70 / LogL: -21292.601 / Time: 0h:32m:6s (0h:22m:0s left)
Optimizing NNI: done in 19.1614 secs using 187.3% CPU
Optimizing NNI: done in 11.372 secs using 192.1% CPU
Optimizing NNI: done in 12.7001 secs using 191.4% CPU
Optimizing NNI: done in 17.655 secs using 192.6% CPU
Optimizing NNI: done in 15.9404 secs using 195.6% CPU
Optimizing NNI: done in 14.8501 secs using 194.3% CPU
Optimizing NNI: done in 19.0561 secs using 195.7% CPU
Optimizing NNI: done in 21.1792 secs using 179.7% CPU
Optimizing NNI: done in 7.2834 secs using 177.4% CPU
Optimizing NNI: done in 23.7636 secs using 183% CPU
Iteration 80 / LogL: -21272.061 / Time: 0h:34m:53s (0h:18m:35s left)
Optimizing NNI: done in 13.8556 secs using 185% CPU
Optimizing NNI: done in 13.6311 secs using 191.6% CPU
Optimizing NNI: done in 21.6468 secs using 182.1% CPU
Optimizing NNI: done in 17.1615 secs using 184.5% CPU
Optimizing NNI: done in 19.7863 secs using 191.7% CPU
Optimizing NNI: done in 18.0757 secs using 191.6% CPU
Optimizing NNI: done in 17.5869 secs using 195.1% CPU
Optimizing NNI: done in 18.9599 secs using 196% CPU
Optimizing NNI: done in 7.52222 secs using 193.3% CPU
Optimizing NNI: done in 21.5172 secs using 190.5% CPU
Iteration 90 / LogL: -21254.454 / Time: 0h:37m:47s (0h:15m:23s left)
Optimizing NNI: done in 11.8485 secs using 192% CPU
Optimizing NNI: done in 10.3189 secs using 193.3% CPU
Optimizing NNI: done in 29.5348 secs using 179.6% CPU
Optimizing NNI: done in 23.628 secs using 175.4% CPU
Optimizing NNI: done in 25.9473 secs using 181.5% CPU
Optimizing NNI: done in 5.73115 secs using 191.6% CPU
Optimizing NNI: done in 15.2564 secs using 195.3% CPU
Optimizing NNI: done in 12.7985 secs using 194.5% CPU
Optimizing NNI: done in 13.4043 secs using 194.9% CPU
Optimizing NNI: done in 12.3311 secs using 194.1% CPU
Iteration 100 / LogL: -21326.282 / Time: 0h:40m:33s (0h:12m:10s left)
Log-likelihood cutoff on original alignment: -21355.941
NOTE: Bootstrap correlation coefficient of split occurrence frequencies: 0.987
NOTE: UFBoot does not converge, continue at least 100 more iterations
Optimizing NNI: done in 20.4027 secs using 173.9% CPU
Estimate model parameters (epsilon = 0.100)
BETTER TREE FOUND at iteration 101: -21249.770
Optimizing NNI: done in 19.6198 secs using 189.1% CPU
Optimizing NNI: done in 15.1219 secs using 186.7% CPU
Optimizing NNI: done in 17.7005 secs using 193% CPU
Optimizing NNI: done in 14.743 secs using 194.7% CPU
Optimizing NNI: done in 20.9433 secs using 192.6% CPU
Optimizing NNI: done in 24.0482 secs using 178.6% CPU
Optimizing NNI: done in 20.2863 secs using 193.9% CPU
Optimizing NNI: done in 11.9803 secs using 192.4% CPU
Optimizing NNI: done in 20.033 secs using 186% CPU
Iteration 110 / LogL: -21280.110 / Time: 0h:43m:53s (0h:27m:56s left)
Optimizing NNI: done in 14.051 secs using 193.4% CPU
Optimizing NNI: done in 23.6303 secs using 192% CPU
Optimizing NNI: done in 21.3582 secs using 187.9% CPU
Optimizing NNI: done in 21.0464 secs using 194.8% CPU
Optimizing NNI: done in 10.6654 secs using 194.5% CPU
Optimizing NNI: done in 14.1728 secs using 195.1% CPU
Optimizing NNI: done in 16.665 secs using 195.6% CPU
Optimizing NNI: done in 14.4948 secs using 195.6% CPU
Optimizing NNI: done in 14.0482 secs using 195.5% CPU
Optimizing NNI: done in 19.1104 secs using 195.5% CPU
Iteration 120 / LogL: -21252.940 / Time: 0h:46m:47s (0h:24m:45s left)
Optimizing NNI: done in 16.4143 secs using 177.6% CPU
Optimizing NNI: done in 45.5255 secs using 163.5% CPU
Optimizing NNI: done in 23.7035 secs using 175.4% CPU
Optimizing NNI: done in 11.2478 secs using 177.9% CPU
Optimizing NNI: done in 30.7934 secs using 171.9% CPU
Optimizing NNI: done in 21.5772 secs using 190.6% CPU
Optimizing NNI: done in 16.5731 secs using 192.3% CPU
Optimizing NNI: done in 10.2983 secs using 189.5% CPU
Optimizing NNI: done in 24.874 secs using 187.1% CPU
Optimizing NNI: done in 26.9872 secs using 191.2% CPU
Iteration 130 / LogL: -21289.049 / Time: 0h:50m:43s (0h:22m:10s left)
Optimizing NNI: done in 27.7057 secs using 191.9% CPU
Optimizing NNI: done in 19.5831 secs using 189.1% CPU
Optimizing NNI: done in 23.9232 secs using 189.4% CPU
Optimizing NNI: done in 18.6745 secs using 193.8% CPU
Optimizing NNI: done in 20.8813 secs using 193.1% CPU
Optimizing NNI: done in 20.431 secs using 191.2% CPU
Optimizing NNI: done in 23.0967 secs using 193.2% CPU
Optimizing NNI: done in 22.0883 secs using 188.6% CPU
Optimizing NNI: done in 21.1829 secs using 192.1% CPU
Optimizing NNI: done in 16.1928 secs using 189.8% CPU
Iteration 140 / LogL: -21264.171 / Time: 0h:54m:22s (0h:19m:17s left)
Optimizing NNI: done in 25.6058 secs using 189.3% CPU
Optimizing NNI: done in 13.3108 secs using 191% CPU
Optimizing NNI: done in 19.1962 secs using 192.7% CPU
Optimizing NNI: done in 21.8143 secs using 192.7% CPU
Optimizing NNI: done in 15.6436 secs using 194% CPU
Optimizing NNI: done in 10.5704 secs using 186.3% CPU
Optimizing NNI: done in 16.4072 secs using 192.7% CPU
Optimizing NNI: done in 28.298 secs using 183.4% CPU
Optimizing NNI: done in 15.02 secs using 186% CPU
Optimizing NNI: done in 26.0413 secs using 190.9% CPU
Iteration 150 / LogL: -21269.858 / Time: 0h:57m:40s (0h:16m:10s left)
Log-likelihood cutoff on original alignment: -21355.941
Optimizing NNI: done in 17.0379 secs using 183.6% CPU
Optimizing NNI: done in 9.21253 secs using 182.7% CPU
Optimizing NNI: done in 27.026 secs using 190.8% CPU
Optimizing NNI: done in 16.9161 secs using 189.3% CPU
Optimizing NNI: done in 8.57038 secs using 188.6% CPU
Optimizing NNI: done in 21.1096 secs using 189.6% CPU
Optimizing NNI: done in 22.1694 secs using 187.6% CPU
Optimizing NNI: done in 23.1316 secs using 187.2% CPU
Estimate model parameters (epsilon = 0.100)
BETTER TREE FOUND at iteration 158: -21249.514
Optimizing NNI: done in 18.7154 secs using 187.2% CPU
Optimizing NNI: done in 20.596 secs using 187.3% CPU
Iteration 160 / LogL: -21265.493 / Time: 1h:1m:3s (0h:31m:12s left)
Optimizing NNI: done in 29.0066 secs using 188.1% CPU
Optimizing NNI: done in 20.609 secs using 182.5% CPU
Optimizing NNI: done in 20.9109 secs using 181.6% CPU
Optimizing NNI: done in 22.0631 secs using 179.7% CPU
Optimizing NNI: done in 21.3545 secs using 165.8% CPU
Optimizing NNI: done in 20.6875 secs using 176.4% CPU
Estimate model parameters (epsilon = 0.100)
BETTER TREE FOUND at iteration 166: -21247.209
Optimizing NNI: done in 26.8417 secs using 180.5% CPU
Optimizing NNI: done in 15.6627 secs using 191.3% CPU
Optimizing NNI: done in 19.332 secs using 193.5% CPU
Optimizing NNI: done in 14.6659 secs using 193.6% CPU
Iteration 170 / LogL: -21252.929 / Time: 1h:4m:43s (0h:30m:51s left)
Optimizing NNI: done in 26.0004 secs using 182.8% CPU
Optimizing NNI: done in 27.4054 secs using 179.6% CPU
Optimizing NNI: done in 26.2599 secs using 172.5% CPU
Optimizing NNI: done in 22.4026 secs using 177.8% CPU
Optimizing NNI: done in 27.7482 secs using 184.8% CPU
Optimizing NNI: done in 12.1308 secs using 168.5% CPU
Optimizing NNI: done in 19.4955 secs using 187.4% CPU
Optimizing NNI: done in 13.0213 secs using 184.7% CPU
Optimizing NNI: done in 21.7856 secs using 186% CPU
Optimizing NNI: done in 23.907 secs using 178.6% CPU
Iteration 180 / LogL: -21250.588 / Time: 1h:8m:31s (0h:27m:55s left)
Optimizing NNI: done in 23.2574 secs using 183.9% CPU
Optimizing NNI: done in 8.81146 secs using 188.5% CPU
Optimizing NNI: done in 10.4106 secs using 191.3% CPU
Optimizing NNI: done in 22.6785 secs using 186.6% CPU
Optimizing NNI: done in 23.1204 secs using 184.8% CPU
Optimizing NNI: done in 15.0983 secs using 183.2% CPU
Optimizing NNI: done in 31.0153 secs using 181.6% CPU
Optimizing NNI: done in 29.5112 secs using 185.4% CPU
Optimizing NNI: done in 21.9041 secs using 188.7% CPU
Optimizing NNI: done in 18.6895 secs using 185.9% CPU
Iteration 190 / LogL: -21254.242 / Time: 1h:12m:4s (0h:24m:47s left)
Optimizing NNI: done in 24.4233 secs using 178.5% CPU
Optimizing NNI: done in 13.1025 secs using 184.4% CPU
Optimizing NNI: done in 24.3814 secs using 186.3% CPU
Optimizing NNI: done in 16.9216 secs using 188.3% CPU
Optimizing NNI: done in 13.6891 secs using 194.7% CPU
Optimizing NNI: done in 14.3709 secs using 195.4% CPU
Optimizing NNI: done in 18.8561 secs using 195.7% CPU
Optimizing NNI: done in 13.559 secs using 191.3% CPU
Optimizing NNI: done in 16.4807 secs using 186.9% CPU
Optimizing NNI: done in 13.2073 secs using 191.2% CPU
Iteration 200 / LogL: -21312.322 / Time: 1h:15m:0s (0h:21m:25s left)
Log-likelihood cutoff on original alignment: -21355.941
NOTE: Bootstrap correlation coefficient of split occurrence frequencies: 0.987
NOTE: UFBoot does not converge, continue at least 100 more iterations
Optimizing NNI: done in 13.1975 secs using 194.3% CPU
Optimizing NNI: done in 13.3415 secs using 195.7% CPU
Optimizing NNI: done in 15.3897 secs using 195.7% CPU
Optimizing NNI: done in 15.4889 secs using 195.9% CPU
Optimizing NNI: done in 20.9689 secs using 182.3% CPU
Optimizing NNI: done in 14.759 secs using 173% CPU
Optimizing NNI: done in 20.8415 secs using 186.8% CPU
Optimizing NNI: done in 19.3373 secs using 188.3% CPU
Optimizing NNI: done in 17.4781 secs using 184% CPU
Optimizing NNI: done in 13.2086 secs using 179.9% CPU
Iteration 210 / LogL: -21305.934 / Time: 1h:17m:59s (0h:29m:5s left)
Optimizing NNI: done in 11.5078 secs using 183.1% CPU
Optimizing NNI: done in 16.7203 secs using 184.7% CPU
Optimizing NNI: done in 21.356 secs using 178.5% CPU
Optimizing NNI: done in 22.1559 secs using 182.4% CPU
Optimizing NNI: done in 18.8357 secs using 188.1% CPU
Estimate model parameters (epsilon = 0.100)
BETTER TREE FOUND at iteration 215: -21241.789
Optimizing NNI: done in 18.8536 secs using 189% CPU
Optimizing NNI: done in 22.9033 secs using 182.4% CPU
Optimizing NNI: done in 17.3048 secs using 185.5% CPU
Optimizing NNI: done in 16.9752 secs using 188.2% CPU
Optimizing NNI: done in 14.6455 secs using 185.9% CPU
Iteration 220 / LogL: -21277.500 / Time: 1h:21m:12s (0h:30m:42s left)
Optimizing NNI: done in 10.3666 secs using 187.9% CPU
Optimizing NNI: done in 22.8961 secs using 183.3% CPU
Optimizing NNI: done in 17.8 secs using 190.8% CPU
Optimizing NNI: done in 14.4493 secs using 190.5% CPU
Optimizing NNI: done in 18.9894 secs using 190% CPU
Optimizing NNI: done in 17.992 secs using 188.9% CPU
Optimizing NNI: done in 21.0195 secs using 188.7% CPU
Estimate model parameters (epsilon = 0.100)
BETTER TREE FOUND at iteration 227: -21239.433
Optimizing NNI: done in 16.3266 secs using 193% CPU
Optimizing NNI: done in 24.6962 secs using 180.2% CPU
Optimizing NNI: done in 14.723 secs using 189% CPU
Iteration 230 / LogL: -21262.291 / Time: 1h:24m:21s (0h:31m:19s left)
Optimizing NNI: done in 19.1864 secs using 191.4% CPU
Optimizing NNI: done in 17.5136 secs using 191.3% CPU
Optimizing NNI: done in 21.1841 secs using 190.4% CPU
Optimizing NNI: done in 13.9544 secs using 192.8% CPU
Optimizing NNI: done in 33.2972 secs using 161.5% CPU
Optimizing NNI: done in 29.7465 secs using 181.9% CPU
Optimizing NNI: done in 21.6628 secs using 188.5% CPU
Optimizing NNI: done in 26.0012 secs using 185.3% CPU
Optimizing NNI: done in 26.0508 secs using 189.1% CPU
Optimizing NNI: done in 13.9282 secs using 191.6% CPU
Iteration 240 / LogL: -21298.293 / Time: 1h:28m:15s (0h:28m:20s left)
Optimizing NNI: done in 15.7427 secs using 192.4% CPU
Optimizing NNI: done in 20.8646 secs using 189.3% CPU
Optimizing NNI: done in 16.6421 secs using 193.8% CPU
Optimizing NNI: done in 21.5822 secs using 191.7% CPU
Optimizing NNI: done in 18.7672 secs using 188.4% CPU
Optimizing NNI: done in 19.3875 secs using 193.9% CPU
Optimizing NNI: done in 24.7732 secs using 192.4% CPU
Optimizing NNI: done in 20.5843 secs using 188.4% CPU
Optimizing NNI: done in 16.2998 secs using 193.8% CPU
Optimizing NNI: done in 21.9594 secs using 195.3% CPU
Iteration 250 / LogL: -21239.869 / Time: 1h:31m:40s (0h:25m:7s left)
Log-likelihood cutoff on original alignment: -21355.941
Optimizing NNI: done in 24.9107 secs using 173.2% CPU
Optimizing NNI: done in 14.2858 secs using 192.9% CPU
Optimizing NNI: done in 26.4088 secs using 178% CPU
Estimate model parameters (epsilon = 0.100)
BETTER TREE FOUND at iteration 253: -21238.105
Optimizing NNI: done in 31.3927 secs using 168.3% CPU
Optimizing NNI: done in 18.7176 secs using 185.4% CPU
Optimizing NNI: done in 21.1261 secs using 188.6% CPU
Optimizing NNI: done in 22.1294 secs using 191.1% CPU
Optimizing NNI: done in 26.8808 secs using 181.8% CPU
Optimizing NNI: done in 22.5282 secs using 189.5% CPU
Optimizing NNI: done in 15.3615 secs using 194.9% CPU
Iteration 260 / LogL: -21260.967 / Time: 1h:35m:44s (0h:30m:38s left)
Optimizing NNI: done in 15.7098 secs using 195.6% CPU
Optimizing NNI: done in 15.3543 secs using 195.7% CPU
Optimizing NNI: done in 21.8545 secs using 195.5% CPU
Optimizing NNI: done in 14.4323 secs using 189.7% CPU
Optimizing NNI: done in 16.9177 secs using 188.8% CPU
Optimizing NNI: done in 19.7044 secs using 178.7% CPU
Optimizing NNI: done in 23.6308 secs using 190.4% CPU
Optimizing NNI: done in 27.1043 secs using 180.1% CPU
Optimizing NNI: done in 33.352 secs using 173.2% CPU
Optimizing NNI: done in 11.0012 secs using 185.8% CPU
Iteration 270 / LogL: -21271.772 / Time: 1h:39m:13s (0h:27m:24s left)
Optimizing NNI: done in 18.3844 secs using 184.5% CPU
Optimizing NNI: done in 22.9851 secs using 190.2% CPU
Optimizing NNI: done in 17.861 secs using 192.8% CPU
Optimizing NNI: done in 16.6936 secs using 193.5% CPU
Optimizing NNI: done in 20.2978 secs using 191.8% CPU
Optimizing NNI: done in 24.5015 secs using 188% CPU
Optimizing NNI: done in 27.5247 secs using 189.2% CPU
Optimizing NNI: done in 20.6018 secs using 185% CPU
Optimizing NNI: done in 22.5959 secs using 189.9% CPU
Optimizing NNI: done in 21.9393 secs using 190.8% CPU
Iteration 280 / LogL: -21270.966 / Time: 1h:42m:57s (0h:24m:12s left)
Optimizing NNI: done in 22.9609 secs using 176.3% CPU
Optimizing NNI: done in 27.9657 secs using 177.7% CPU
Optimizing NNI: done in 19.6519 secs using 188.6% CPU
Optimizing NNI: done in 21.9176 secs using 188.1% CPU
Optimizing NNI: done in 15.3491 secs using 191.4% CPU
Optimizing NNI: done in 19.4718 secs using 186.4% CPU
Optimizing NNI: done in 15.7876 secs using 193.1% CPU
Optimizing NNI: done in 19.342 secs using 191.8% CPU
Optimizing NNI: done in 16.4526 secs using 190.4% CPU
Optimizing NNI: done in 12.9492 secs using 189.9% CPU
Iteration 290 / LogL: -21294.486 / Time: 1h:46m:19s (0h:20m:54s left)
Optimizing NNI: done in 11.996 secs using 177.2% CPU
Optimizing NNI: done in 40.5035 secs using 155.8% CPU
Optimizing NNI: done in 28.8615 secs using 179.6% CPU
Optimizing NNI: done in 18.9311 secs using 179.3% CPU
Optimizing NNI: done in 20.1341 secs using 177% CPU
Optimizing NNI: done in 32.2377 secs using 174.9% CPU
Optimizing NNI: done in 31.2534 secs using 176.6% CPU
Optimizing NNI: done in 22.6237 secs using 185.8% CPU
Optimizing NNI: done in 31.362 secs using 169.3% CPU
Optimizing NNI: done in 17.0268 secs using 189.5% CPU
Iteration 300 / LogL: -21240.654 / Time: 1h:50m:47s (0h:17m:47s left)
Log-likelihood cutoff on original alignment: -21355.941
NOTE: Bootstrap correlation coefficient of split occurrence frequencies: 0.988
NOTE: UFBoot does not converge, continue at least 100 more iterations
Optimizing NNI: done in 25.8584 secs using 171.5% CPU
Optimizing NNI: done in 26.0903 secs using 187.1% CPU
Optimizing NNI: done in 17.8207 secs using 175.5% CPU
Optimizing NNI: done in 17.916 secs using 182.7% CPU
Optimizing NNI: done in 24.0049 secs using 180% CPU
Optimizing NNI: done in 22.4949 secs using 186.1% CPU
Optimizing NNI: done in 20.5956 secs using 184.2% CPU
Optimizing NNI: done in 14.2949 secs using 187.9% CPU
Optimizing NNI: done in 19.991 secs using 190.5% CPU
Optimizing NNI: done in 33.6918 secs using 161% CPU
Iteration 310 / LogL: -21287.470 / Time: 1h:54m:50s (0h:30m:24s left)
Optimizing NNI: done in 27.4493 secs using 179.2% CPU
Optimizing NNI: done in 26.2453 secs using 156.5% CPU
Optimizing NNI: done in 25.9529 secs using 173.3% CPU
Optimizing NNI: done in 21.4762 secs using 180.8% CPU
Optimizing NNI: done in 22.2695 secs using 176.9% CPU
Optimizing NNI: done in 26.2585 secs using 161.1% CPU
Optimizing NNI: done in 32.3319 secs using 163.9% CPU
Optimizing NNI: done in 22.5066 secs using 185.6% CPU
Optimizing NNI: done in 17.9006 secs using 184.8% CPU
Optimizing NNI: done in 17.507 secs using 191.6% CPU
Iteration 320 / LogL: -21262.287 / Time: 1h:59m:4s (0h:27m:14s left)
Optimizing NNI: done in 17.1244 secs using 188% CPU
Optimizing NNI: done in 29.6054 secs using 165.9% CPU
Optimizing NNI: done in 41.8375 secs using 148.9% CPU
Optimizing NNI: done in 13.8207 secs using 167.8% CPU
Optimizing NNI: done in 53.2998 secs using 116.3% CPU
Estimate model parameters (epsilon = 0.100)
BETTER TREE FOUND at iteration 325: -21234.004
Optimizing NNI: done in 23.155 secs using 181% CPU
Optimizing NNI: done in 11.7644 secs using 191.5% CPU
Optimizing NNI: done in 6.97485 secs using 189.3% CPU
Optimizing NNI: done in 15.7054 secs using 192.9% CPU
Optimizing NNI: done in 19.2097 secs using 190.7% CPU
Iteration 330 / LogL: -21266.328 / Time: 2h:3m:32s (0h:32m:39s left)
Optimizing NNI: done in 17.9958 secs using 187.1% CPU
Optimizing NNI: done in 15.6764 secs using 192.5% CPU
Optimizing NNI: done in 19.2164 secs using 185.3% CPU
Optimizing NNI: done in 20.2994 secs using 186.6% CPU
Optimizing NNI: done in 23.8968 secs using 189.7% CPU
Optimizing NNI: done in 15.7827 secs using 190.3% CPU
Optimizing NNI: done in 18.4213 secs using 189.8% CPU
Optimizing NNI: done in 18.4274 secs using 187.5% CPU
Optimizing NNI: done in 17.784 secs using 191.9% CPU
Optimizing NNI: done in 20.0272 secs using 191.6% CPU
Iteration 340 / LogL: -21241.280 / Time: 2h:6m:51s (0h:29m:11s left)
Optimizing NNI: done in 21.1484 secs using 188.1% CPU
Optimizing NNI: done in 17.0825 secs using 189.3% CPU
Optimizing NNI: done in 23.9728 secs using 181.2% CPU
Optimizing NNI: done in 15.3618 secs using 182.3% CPU
Optimizing NNI: done in 27.2117 secs using 167.2% CPU
Optimizing NNI: done in 16.5996 secs using 189.2% CPU
Optimizing NNI: done in 19.9947 secs using 187.6% CPU
Optimizing NNI: done in 22.395 secs using 180.6% CPU
Optimizing NNI: done in 23.2062 secs using 162.3% CPU
Optimizing NNI: done in 19.7936 secs using 179.5% CPU
Iteration 350 / LogL: -21263.075 / Time: 2h:10m:30s (0h:25m:48s left)
Log-likelihood cutoff on original alignment: -21355.941
Optimizing NNI: done in 20.1602 secs using 179.3% CPU
Optimizing NNI: done in 27.559 secs using 164.9% CPU
Optimizing NNI: done in 13.3198 secs using 189.2% CPU
Optimizing NNI: done in 17.267 secs using 188.6% CPU
Optimizing NNI: done in 21.7334 secs using 189.3% CPU
Optimizing NNI: done in 18.171 secs using 190.6% CPU
Optimizing NNI: done in 23.5772 secs using 191.7% CPU
Optimizing NNI: done in 16.5602 secs using 192% CPU
Optimizing NNI: done in 17.5262 secs using 191.7% CPU
Optimizing NNI: done in 19.3641 secs using 191.1% CPU
Iteration 360 / LogL: -21267.060 / Time: 2h:14m:6s (0h:22m:23s left)
Optimizing NNI: done in 20.3537 secs using 187% CPU
Optimizing NNI: done in 16.6164 secs using 187.4% CPU
Optimizing NNI: done in 24.6798 secs using 180.5% CPU
Optimizing NNI: done in 19.3579 secs using 189% CPU
Optimizing NNI: done in 22.591 secs using 171.1% CPU
Optimizing NNI: done in 36.3964 secs using 160.1% CPU
Optimizing NNI: done in 30.2795 secs using 172.6% CPU
Optimizing NNI: done in 29.8348 secs using 165.8% CPU
Optimizing NNI: done in 15.5619 secs using 157.4% CPU
Optimizing NNI: done in 23.4216 secs using 178.2% CPU
Iteration 370 / LogL: -21277.214 / Time: 2h:18m:21s (0h:19m:4s left)
Optimizing NNI: done in 18.1144 secs using 184.8% CPU
Optimizing NNI: done in 12.3142 secs using 186.8% CPU
Optimizing NNI: done in 10.3833 secs using 185.2% CPU
Optimizing NNI: done in 23.0057 secs using 182.5% CPU
Optimizing NNI: done in 25.5465 secs using 179.3% CPU
Optimizing NNI: done in 19.3441 secs using 189.7% CPU
Optimizing NNI: done in 17.5331 secs using 191.1% CPU
Optimizing NNI: done in 22.6023 secs using 185.3% CPU
Estimate model parameters (epsilon = 0.100)
BETTER TREE FOUND at iteration 378: -21233.599
Optimizing NNI: done in 26.6164 secs using 181.4% CPU
Optimizing NNI: done in 20.5162 secs using 173.8% CPU
Iteration 380 / LogL: -21261.805 / Time: 2h:21m:54s (0h:33m:59s left)
Optimizing NNI: done in 17.0047 secs using 190.2% CPU
Optimizing NNI: done in 21.2723 secs using 181.9% CPU
Optimizing NNI: done in 22.3651 secs using 185.1% CPU
Optimizing NNI: done in 20.4313 secs using 181.6% CPU
Optimizing NNI: done in 25.6243 secs using 179.9% CPU
Optimizing NNI: done in 15.6465 secs using 187.9% CPU
Optimizing NNI: done in 28.135 secs using 165.9% CPU
Optimizing NNI: done in 14.1579 secs using 188.7% CPU
Optimizing NNI: done in 24.8447 secs using 184.8% CPU
Optimizing NNI: done in 29.3809 secs using 174.4% CPU
Iteration 390 / LogL: -21261.064 / Time: 2h:25m:45s (0h:30m:37s left)
Optimizing NNI: done in 25.9594 secs using 168.8% CPU
Optimizing NNI: done in 19.6034 secs using 186.1% CPU
Optimizing NNI: done in 19.1853 secs using 183.4% CPU
Optimizing NNI: done in 12.9771 secs using 185% CPU
Optimizing NNI: done in 18.3944 secs using 173.2% CPU
Optimizing NNI: done in 24.0006 secs using 186.4% CPU
Optimizing NNI: done in 15.3389 secs using 190.9% CPU
Optimizing NNI: done in 23.5154 secs using 178.4% CPU
Optimizing NNI: done in 10.153 secs using 189.5% CPU
Optimizing NNI: done in 23.1269 secs using 183.4% CPU
Iteration 400 / LogL: -21238.287 / Time: 2h:29m:11s (0h:27m:7s left)
Log-likelihood cutoff on original alignment: -21355.941
NOTE: Bootstrap correlation coefficient of split occurrence frequencies: 0.988
NOTE: UFBoot does not converge, continue at least 100 more iterations
Optimizing NNI: done in 20.6516 secs using 182.5% CPU
Optimizing NNI: done in 24.8882 secs using 179.7% CPU
Optimizing NNI: done in 12.5641 secs using 183.8% CPU
Optimizing NNI: done in 15.4007 secs using 187.5% CPU
Optimizing NNI: done in 13.4893 secs using 190.9% CPU
Optimizing NNI: done in 17.5996 secs using 188.1% CPU
Optimizing NNI: done in 24.7538 secs using 184.8% CPU
Optimizing NNI: done in 22.2094 secs using 187.9% CPU
Optimizing NNI: done in 12.4807 secs using 190.2% CPU
Optimizing NNI: done in 17.3051 secs using 194.1% CPU
Iteration 410 / LogL: -21251.877 / Time: 2h:32m:35s (0h:31m:17s left)
Optimizing NNI: done in 7.32941 secs using 191.9% CPU
Optimizing NNI: done in 18.641 secs using 194.7% CPU
Optimizing NNI: done in 18.1766 secs using 194% CPU
Optimizing NNI: done in 20.6872 secs using 193% CPU
Optimizing NNI: done in 27.2058 secs using 180.1% CPU
Optimizing NNI: done in 25.1704 secs using 185.9% CPU
Optimizing NNI: done in 16.4011 secs using 190.3% CPU
Optimizing NNI: done in 23.8322 secs using 188.2% CPU
Optimizing NNI: done in 9.72186 secs using 188.1% CPU
Optimizing NNI: done in 15.8927 secs using 191.4% CPU
Iteration 420 / LogL: -21275.297 / Time: 2h:35m:51s (0h:27m:46s left)
Optimizing NNI: done in 20.2124 secs using 185.5% CPU
Optimizing NNI: done in 34.2725 secs using 172.7% CPU
Optimizing NNI: done in 26.3822 secs using 189% CPU
Optimizing NNI: done in 22.7975 secs using 187.7% CPU
Optimizing NNI: done in 19.6776 secs using 186.6% CPU
Optimizing NNI: done in 18.9653 secs using 182.4% CPU
Optimizing NNI: done in 22.4216 secs using 181.1% CPU
Optimizing NNI: done in 16.2201 secs using 189% CPU
Optimizing NNI: done in 20.9751 secs using 190.2% CPU
Estimate model parameters (epsilon = 0.100)
BETTER TREE FOUND at iteration 429: -21232.009
Optimizing NNI: done in 7.40628 secs using 190.4% CPU
Iteration 430 / LogL: -21354.852 / Time: 2h:39m:38s (0h:34m:26s left)
Optimizing NNI: done in 24.4953 secs using 184.3% CPU
Optimizing NNI: done in 16.9136 secs using 192.9% CPU
Optimizing NNI: done in 15.5774 secs using 193.8% CPU
Optimizing NNI: done in 21.9965 secs using 185.3% CPU
Optimizing NNI: done in 26.1661 secs using 181.7% CPU
Optimizing NNI: done in 21.058 secs using 191.9% CPU
Estimate model parameters (epsilon = 0.100)
BETTER TREE FOUND at iteration 436: -21231.791
Optimizing NNI: done in 16.4871 secs using 194.1% CPU
Optimizing NNI: done in 13.8415 secs using 194.1% CPU
Optimizing NNI: done in 20.8859 secs using 189.1% CPU
Optimizing NNI: done in 13.9438 secs using 190.5% CPU
Iteration 440 / LogL: -21279.746 / Time: 2h:43m:5s (0h:33m:23s left)
Optimizing NNI: done in 22.2012 secs using 185.5% CPU
Optimizing NNI: done in 22.6059 secs using 188.9% CPU
Optimizing NNI: done in 9.97746 secs using 191.5% CPU
Optimizing NNI: done in 20.3565 secs using 193.6% CPU
Optimizing NNI: done in 14.9209 secs using 194.2% CPU
Optimizing NNI: done in 14.5075 secs using 194.1% CPU
Optimizing NNI: done in 17.2632 secs using 193.7% CPU
Optimizing NNI: done in 18.744 secs using 193.9% CPU
Optimizing NNI: done in 18.3311 secs using 194.7% CPU
Optimizing NNI: done in 18.0177 secs using 194.1% CPU
Iteration 450 / LogL: -21262.361 / Time: 2h:46m:15s (0h:29m:50s left)
Log-likelihood cutoff on original alignment: -21355.941
Optimizing NNI: done in 18.9076 secs using 193.8% CPU
Optimizing NNI: done in 7.85184 secs using 191.5% CPU
Optimizing NNI: done in 12.6401 secs using 194.1% CPU
Optimizing NNI: done in 13.0135 secs using 194.3% CPU
Optimizing NNI: done in 21.0883 secs using 193.4% CPU
Optimizing NNI: done in 20.7172 secs using 194.5% CPU
Estimate model parameters (epsilon = 0.100)
BETTER TREE FOUND at iteration 456: -21229.580
Optimizing NNI: done in 14.9613 secs using 194.4% CPU
Optimizing NNI: done in 17.6131 secs using 193.7% CPU
Optimizing NNI: done in 12.374 secs using 190.7% CPU
Optimizing NNI: done in 19.5771 secs using 192% CPU
Iteration 460 / LogL: -21255.728 / Time: 2h:49m:15s (0h:33m:13s left)
Optimizing NNI: done in 18.0284 secs using 193.9% CPU
Optimizing NNI: done in 17.8395 secs using 194% CPU
Optimizing NNI: done in 15.2495 secs using 194.2% CPU
Optimizing NNI: done in 21.3971 secs using 194.5% CPU
Optimizing NNI: done in 11.6993 secs using 193.2% CPU
Optimizing NNI: done in 20.6413 secs using 195% CPU
Optimizing NNI: done in 19.1649 secs using 195.1% CPU
Optimizing NNI: done in 13.1425 secs using 194% CPU
Optimizing NNI: done in 14.6306 secs using 194.4% CPU
Optimizing NNI: done in 15.4288 secs using 194% CPU
Iteration 470 / LogL: -21292.661 / Time: 2h:52m:16s (0h:29m:40s left)
Optimizing NNI: done in 16.9567 secs using 194.2% CPU
Optimizing NNI: done in 16.087 secs using 194.8% CPU
Optimizing NNI: done in 17.3243 secs using 195% CPU
Optimizing NNI: done in 17.5277 secs using 194.5% CPU
Optimizing NNI: done in 9.73647 secs using 192.1% CPU
Optimizing NNI: done in 18.5296 secs using 195.1% CPU
Optimizing NNI: done in 18.0216 secs using 194.7% CPU
Optimizing NNI: done in 10.22 secs using 193.6% CPU
Optimizing NNI: done in 18.0516 secs using 194.8% CPU
Optimizing NNI: done in 14.5542 secs using 194.5% CPU
Iteration 480 / LogL: -21241.437 / Time: 2h:55m:6s (0h:26m:7s left)
Optimizing NNI: done in 19.1431 secs using 195.1% CPU
Optimizing NNI: done in 14.0125 secs using 194.6% CPU
Optimizing NNI: done in 18.6781 secs using 194.8% CPU
Optimizing NNI: done in 19.8721 secs using 194.7% CPU
Optimizing NNI: done in 17.3079 secs using 194.5% CPU
Optimizing NNI: done in 14.4283 secs using 194.2% CPU
Optimizing NNI: done in 14.6072 secs using 193.8% CPU
Optimizing NNI: done in 17.6919 secs using 195% CPU
Optimizing NNI: done in 14.8186 secs using 194.4% CPU
Optimizing NNI: done in 12.1282 secs using 194.1% CPU
Iteration 490 / LogL: -21306.675 / Time: 2h:58m:2s (0h:22m:37s left)
Optimizing NNI: done in 15.3181 secs using 194.2% CPU
Optimizing NNI: done in 17.0964 secs using 194.8% CPU
Optimizing NNI: done in 13.5693 secs using 193.3% CPU
Optimizing NNI: done in 28.1676 secs using 159.4% CPU
Optimizing NNI: done in 19.1443 secs using 185% CPU
Optimizing NNI: done in 7.28305 secs using 188.7% CPU
Optimizing NNI: done in 22.9339 secs using 191% CPU
Optimizing NNI: done in 19.4975 secs using 184.8% CPU
Optimizing NNI: done in 15.5444 secs using 184.7% CPU
